\BOOKMARK [0][-]{chapter*.2}{Remerciements}{}% 1
\BOOKMARK [-1][-]{part.1}{I Introduction au projet}{}% 2
\BOOKMARK [0][-]{chapter.1}{Formulation initiale du projet}{part.1}% 3
\BOOKMARK [1][-]{section.1.1}{Contexte}{chapter.1}% 4
\BOOKMARK [1][-]{section.1.2}{Expression initiale du besoin}{chapter.1}% 5
\BOOKMARK [0][-]{chapter.2}{\311tat de l'art}{part.1}% 6
\BOOKMARK [1][-]{section.2.1}{Pr\351sentation des technologies existantes}{chapter.2}% 7
\BOOKMARK [2][-]{subsection.2.1.1}{Syst\350mes avec contact}{section.2.1}% 8
\BOOKMARK [2][-]{subsection.2.1.2}{Syst\350mes sans contact}{section.2.1}% 9
\BOOKMARK [1][-]{section.2.2}{La d\351tection de pupilles}{chapter.2}% 10
\BOOKMARK [2][-]{subsection.2.2.1}{L\220\234il}{section.2.2}% 11
\BOOKMARK [2][-]{subsection.2.2.2}{Caract\351ristiques d\220une image d\220un \234il acquise par cam\351ra traditionnelle}{section.2.2}% 12
\BOOKMARK [2][-]{subsection.2.2.3}{Les diff\351rentes probl\351matiques de la d\351tection par cam\351ra traditionnelle}{section.2.2}% 13
\BOOKMARK [2][-]{subsection.2.2.4}{D\351tection par \351clairage infrarouge}{section.2.2}% 14
\BOOKMARK [2][-]{subsection.2.2.5}{Traitement d\220images}{section.2.2}% 15
\BOOKMARK [1][-]{section.2.3}{M\351thode de d\351tection de la direction du regard}{chapter.2}% 16
\BOOKMARK [1][-]{section.2.4}{Solutions techniques et m\351thodes choisies}{chapter.2}% 17
\BOOKMARK [-1][-]{part.2}{II Dossier fonctionnel}{}% 18
\BOOKMARK [0][-]{chapter.3}{Ing\351nierie des exigences}{part.2}% 19
\BOOKMARK [1][-]{section.3.1}{Approche Top-Down}{chapter.3}% 20
\BOOKMARK [1][-]{section.3.2}{Approche Bottom-Up}{chapter.3}% 21
\BOOKMARK [1][-]{section.3.3}{Fonctions principales du syst\350me}{chapter.3}% 22
\BOOKMARK [0][-]{chapter.4}{Sp\351cification fonctionnelle 3 axes}{part.2}% 23
\BOOKMARK [1][-]{section.4.1}{Raffinement FAST}{chapter.4}% 24
\BOOKMARK [1][-]{section.4.2}{Sp\351cification des donn\351es}{chapter.4}% 25
\BOOKMARK [1][-]{section.4.3}{Sp\351cification des comportements}{chapter.4}% 26
\BOOKMARK [0][-]{chapter.5}{Architecture fonctionnelle}{part.2}% 27
\BOOKMARK [-1][-]{part.3}{III Organisation}{}% 28
\BOOKMARK [0][-]{chapter.6}{M\351thodes de travail}{part.3}% 29
\BOOKMARK [0][-]{chapter.7}{Outils pour les \351changes}{part.3}% 30
\BOOKMARK [0][-]{chapter.8}{R\351partition des t\342ches dans le temps}{part.3}% 31
\BOOKMARK [-1][-]{part.4}{IV Journal du projet}{}% 32
\BOOKMARK [0][-]{chapter.9}{Choix et justifications}{part.4}% 33
\BOOKMARK [1][-]{section.9.1}{\311metteurs infrarouges}{chapter.9}% 34
\BOOKMARK [1][-]{section.9.2}{Cam\351ras}{chapter.9}% 35
\BOOKMARK [2][-]{subsection.9.2.1}{Cam\351ras \253grand-angle\273}{section.9.2}% 36
\BOOKMARK [2][-]{subsection.9.2.2}{Cam\351ras \253petit-angle\273}{section.9.2}% 37
\BOOKMARK [0][-]{chapter.10}{R\351sultats et analyses}{part.4}% 38
\BOOKMARK [0][-]{chapter.11}{Conclusion}{part.4}% 39
\BOOKMARK [-1][-]{chapter.11}{Bibliographie}{}% 40
