This is pdfTeX, Version 3.14159265-2.6-1.40.15 (TeX Live 2014) (preloaded format=pdflatex 2014.11.13)  19 MAY 2015 17:43
entering extended mode
 restricted \write18 enabled.
 %&-line parsing enabled.
**main.tex
(./main.tex
LaTeX2e <2014/05/01>
Babel <3.9k> and hyphenation patterns for 78 languages loaded.
(/usr/local/texlive/2014/texmf-dist/tex/latex/base/report.cls
Document Class: report 2007/10/19 v1.4h Standard LaTeX document class
(/usr/local/texlive/2014/texmf-dist/tex/latex/base/size12.clo
File: size12.clo 2007/10/19 v1.4h Standard LaTeX file (size option)
)
\c@part=\count79
\c@chapter=\count80
\c@section=\count81
\c@subsection=\count82
\c@subsubsection=\count83
\c@paragraph=\count84
\c@subparagraph=\count85
\c@figure=\count86
\c@table=\count87
\abovecaptionskip=\skip41
\belowcaptionskip=\skip42
\bibindent=\dimen102
) (./packages.tex (/usr/local/texlive/2014/texmf-dist/tex/latex/geometry/geomet
ry.sty
Package: geometry 2010/09/12 v5.6 Page Geometry

(/usr/local/texlive/2014/texmf-dist/tex/latex/graphics/keyval.sty
Package: keyval 2014/05/08 v1.15 key=value parser (DPC)
\KV@toks@=\toks14
)
(/usr/local/texlive/2014/texmf-dist/tex/generic/oberdiek/ifpdf.sty
Package: ifpdf 2011/01/30 v2.3 Provides the ifpdf switch (HO)
Package ifpdf Info: pdfTeX in PDF mode is detected.
)
(/usr/local/texlive/2014/texmf-dist/tex/generic/oberdiek/ifvtex.sty
Package: ifvtex 2010/03/01 v1.5 Detect VTeX and its facilities (HO)
Package ifvtex Info: VTeX not detected.
)
(/usr/local/texlive/2014/texmf-dist/tex/generic/ifxetex/ifxetex.sty
Package: ifxetex 2010/09/12 v0.6 Provides ifxetex conditional
)
\Gm@cnth=\count88
\Gm@cntv=\count89
\c@Gm@tempcnt=\count90
\Gm@bindingoffset=\dimen103
\Gm@wd@mp=\dimen104
\Gm@odd@mp=\dimen105
\Gm@even@mp=\dimen106
\Gm@layoutwidth=\dimen107
\Gm@layoutheight=\dimen108
\Gm@layouthoffset=\dimen109
\Gm@layoutvoffset=\dimen110
\Gm@dimlist=\toks15
)
(/usr/local/texlive/2014/texmf-dist/tex/latex/xcolor/xcolor.sty
Package: xcolor 2007/01/21 v2.11 LaTeX color extensions (UK)

(/usr/local/texlive/2014/texmf-dist/tex/latex/latexconfig/color.cfg
File: color.cfg 2007/01/18 v1.5 color configuration of teTeX/TeXLive
)
Package xcolor Info: Driver file: pdftex.def on input line 225.

(/usr/local/texlive/2014/texmf-dist/tex/latex/pdftex-def/pdftex.def
File: pdftex.def 2011/05/27 v0.06d Graphics/color for pdfTeX

(/usr/local/texlive/2014/texmf-dist/tex/generic/oberdiek/infwarerr.sty
Package: infwarerr 2010/04/08 v1.3 Providing info/warning/error messages (HO)
)
(/usr/local/texlive/2014/texmf-dist/tex/generic/oberdiek/ltxcmds.sty
Package: ltxcmds 2011/11/09 v1.22 LaTeX kernel commands for general use (HO)
)
\Gread@gobject=\count91
)
Package xcolor Info: Model `cmy' substituted by `cmy0' on input line 1337.
Package xcolor Info: Model `hsb' substituted by `rgb' on input line 1341.
Package xcolor Info: Model `RGB' extended on input line 1353.
Package xcolor Info: Model `HTML' substituted by `rgb' on input line 1355.
Package xcolor Info: Model `Hsb' substituted by `hsb' on input line 1356.
Package xcolor Info: Model `tHsb' substituted by `hsb' on input line 1357.
Package xcolor Info: Model `HSB' substituted by `hsb' on input line 1358.
Package xcolor Info: Model `Gray' substituted by `gray' on input line 1359.
Package xcolor Info: Model `wave' substituted by `hsb' on input line 1360.
)
(/usr/local/texlive/2014/texmf-dist/tex/latex/hyperref/hyperref.sty
Package: hyperref 2012/11/06 v6.83m Hypertext links for LaTeX

(/usr/local/texlive/2014/texmf-dist/tex/generic/oberdiek/hobsub-hyperref.sty
Package: hobsub-hyperref 2012/05/28 v1.13 Bundle oberdiek, subset hyperref (HO)


(/usr/local/texlive/2014/texmf-dist/tex/generic/oberdiek/hobsub-generic.sty
Package: hobsub-generic 2012/05/28 v1.13 Bundle oberdiek, subset generic (HO)
Package: hobsub 2012/05/28 v1.13 Construct package bundles (HO)
Package hobsub Info: Skipping package `infwarerr' (already loaded).
Package hobsub Info: Skipping package `ltxcmds' (already loaded).
Package: ifluatex 2010/03/01 v1.3 Provides the ifluatex switch (HO)
Package ifluatex Info: LuaTeX not detected.
Package hobsub Info: Skipping package `ifvtex' (already loaded).
Package: intcalc 2007/09/27 v1.1 Expandable calculations with integers (HO)
Package hobsub Info: Skipping package `ifpdf' (already loaded).
Package: etexcmds 2011/02/16 v1.5 Avoid name clashes with e-TeX commands (HO)
Package etexcmds Info: Could not find \expanded.
(etexcmds)             That can mean that you are not using pdfTeX 1.50 or
(etexcmds)             that some package has redefined \expanded.
(etexcmds)             In the latter case, load this package earlier.
Package: kvsetkeys 2012/04/25 v1.16 Key value parser (HO)
Package: kvdefinekeys 2011/04/07 v1.3 Define keys (HO)
Package: pdftexcmds 2011/11/29 v0.20 Utility functions of pdfTeX for LuaTeX (HO
)
Package pdftexcmds Info: LuaTeX not detected.
Package pdftexcmds Info: \pdf@primitive is available.
Package pdftexcmds Info: \pdf@ifprimitive is available.
Package pdftexcmds Info: \pdfdraftmode found.
Package: pdfescape 2011/11/25 v1.13 Implements pdfTeX's escape features (HO)
Package: bigintcalc 2012/04/08 v1.3 Expandable calculations on big integers (HO
)
Package: bitset 2011/01/30 v1.1 Handle bit-vector datatype (HO)
Package: uniquecounter 2011/01/30 v1.2 Provide unlimited unique counter (HO)
)
Package hobsub Info: Skipping package `hobsub' (already loaded).
Package: letltxmacro 2010/09/02 v1.4 Let assignment for LaTeX macros (HO)
Package: hopatch 2012/05/28 v1.2 Wrapper for package hooks (HO)
Package: xcolor-patch 2011/01/30 xcolor patch
Package: atveryend 2011/06/30 v1.8 Hooks at the very end of document (HO)
Package atveryend Info: \enddocument detected (standard20110627).
Package: atbegshi 2011/10/05 v1.16 At begin shipout hook (HO)
Package: refcount 2011/10/16 v3.4 Data extraction from label references (HO)
Package: hycolor 2011/01/30 v1.7 Color options for hyperref/bookmark (HO)
)
(/usr/local/texlive/2014/texmf-dist/tex/latex/oberdiek/auxhook.sty
Package: auxhook 2011/03/04 v1.3 Hooks for auxiliary files (HO)
)
(/usr/local/texlive/2014/texmf-dist/tex/latex/oberdiek/kvoptions.sty
Package: kvoptions 2011/06/30 v3.11 Key value format for package options (HO)
)
\@linkdim=\dimen111
\Hy@linkcounter=\count92
\Hy@pagecounter=\count93

(/usr/local/texlive/2014/texmf-dist/tex/latex/hyperref/pd1enc.def
File: pd1enc.def 2012/11/06 v6.83m Hyperref: PDFDocEncoding definition (HO)
)
\Hy@SavedSpaceFactor=\count94

(/usr/local/texlive/2014/texmf-dist/tex/latex/latexconfig/hyperref.cfg
File: hyperref.cfg 2002/06/06 v1.2 hyperref configuration of TeXLive
)
Package hyperref Info: Option `colorlinks' set `true' on input line 4319.
Package hyperref Info: Hyper figures OFF on input line 4443.
Package hyperref Info: Link nesting OFF on input line 4448.
Package hyperref Info: Hyper index ON on input line 4451.
Package hyperref Info: Plain pages OFF on input line 4458.
Package hyperref Info: Backreferencing OFF on input line 4463.
Package hyperref Info: Implicit mode ON; LaTeX internals redefined.
Package hyperref Info: Bookmarks ON on input line 4688.
\c@Hy@tempcnt=\count95

(/usr/local/texlive/2014/texmf-dist/tex/latex/url/url.sty
\Urlmuskip=\muskip10
Package: url 2013/09/16  ver 3.4  Verb mode for urls, etc.
)
LaTeX Info: Redefining \url on input line 5041.
\XeTeXLinkMargin=\dimen112
\Fld@menulength=\count96
\Field@Width=\dimen113
\Fld@charsize=\dimen114
Package hyperref Info: Hyper figures OFF on input line 6295.
Package hyperref Info: Link nesting OFF on input line 6300.
Package hyperref Info: Hyper index ON on input line 6303.
Package hyperref Info: backreferencing OFF on input line 6310.
Package hyperref Info: Link coloring ON on input line 6313.
Package hyperref Info: Link coloring with OCG OFF on input line 6320.
Package hyperref Info: PDF/A mode OFF on input line 6325.
LaTeX Info: Redefining \ref on input line 6365.
LaTeX Info: Redefining \pageref on input line 6369.
\Hy@abspage=\count97
\c@Item=\count98
\c@Hfootnote=\count99
)

Package hyperref Message: Driver (autodetected): hpdftex.

(/usr/local/texlive/2014/texmf-dist/tex/latex/hyperref/hpdftex.def
File: hpdftex.def 2012/11/06 v6.83m Hyperref driver for pdfTeX
\Fld@listcount=\count100
\c@bookmark@seq@number=\count101

(/usr/local/texlive/2014/texmf-dist/tex/latex/oberdiek/rerunfilecheck.sty
Package: rerunfilecheck 2011/04/15 v1.7 Rerun checks for auxiliary files (HO)
Package uniquecounter Info: New unique counter `rerunfilecheck' on input line 2
82.
)
\Hy@SectionHShift=\skip43
)
(/usr/local/texlive/2014/texmf-dist/tex/latex/base/inputenc.sty
Package: inputenc 2014/04/30 v1.2b Input encoding file
\inpenc@prehook=\toks16
\inpenc@posthook=\toks17

(/usr/local/texlive/2014/texmf-dist/tex/latex/base/utf8.def
File: utf8.def 2008/04/05 v1.1m UTF-8 support for inputenc
Now handling font encoding OML ...
... no UTF-8 mapping file for font encoding OML
Now handling font encoding T1 ...
... processing UTF-8 mapping file for font encoding T1

(/usr/local/texlive/2014/texmf-dist/tex/latex/base/t1enc.dfu
File: t1enc.dfu 2008/04/05 v1.1m UTF-8 support for inputenc
   defining Unicode char U+00A1 (decimal 161)
   defining Unicode char U+00A3 (decimal 163)
   defining Unicode char U+00AB (decimal 171)
   defining Unicode char U+00BB (decimal 187)
   defining Unicode char U+00BF (decimal 191)
   defining Unicode char U+00C0 (decimal 192)
   defining Unicode char U+00C1 (decimal 193)
   defining Unicode char U+00C2 (decimal 194)
   defining Unicode char U+00C3 (decimal 195)
   defining Unicode char U+00C4 (decimal 196)
   defining Unicode char U+00C5 (decimal 197)
   defining Unicode char U+00C6 (decimal 198)
   defining Unicode char U+00C7 (decimal 199)
   defining Unicode char U+00C8 (decimal 200)
   defining Unicode char U+00C9 (decimal 201)
   defining Unicode char U+00CA (decimal 202)
   defining Unicode char U+00CB (decimal 203)
   defining Unicode char U+00CC (decimal 204)
   defining Unicode char U+00CD (decimal 205)
   defining Unicode char U+00CE (decimal 206)
   defining Unicode char U+00CF (decimal 207)
   defining Unicode char U+00D0 (decimal 208)
   defining Unicode char U+00D1 (decimal 209)
   defining Unicode char U+00D2 (decimal 210)
   defining Unicode char U+00D3 (decimal 211)
   defining Unicode char U+00D4 (decimal 212)
   defining Unicode char U+00D5 (decimal 213)
   defining Unicode char U+00D6 (decimal 214)
   defining Unicode char U+00D8 (decimal 216)
   defining Unicode char U+00D9 (decimal 217)
   defining Unicode char U+00DA (decimal 218)
   defining Unicode char U+00DB (decimal 219)
   defining Unicode char U+00DC (decimal 220)
   defining Unicode char U+00DD (decimal 221)
   defining Unicode char U+00DE (decimal 222)
   defining Unicode char U+00DF (decimal 223)
   defining Unicode char U+00E0 (decimal 224)
   defining Unicode char U+00E1 (decimal 225)
   defining Unicode char U+00E2 (decimal 226)
   defining Unicode char U+00E3 (decimal 227)
   defining Unicode char U+00E4 (decimal 228)
   defining Unicode char U+00E5 (decimal 229)
   defining Unicode char U+00E6 (decimal 230)
   defining Unicode char U+00E7 (decimal 231)
   defining Unicode char U+00E8 (decimal 232)
   defining Unicode char U+00E9 (decimal 233)
   defining Unicode char U+00EA (decimal 234)
   defining Unicode char U+00EB (decimal 235)
   defining Unicode char U+00EC (decimal 236)
   defining Unicode char U+00ED (decimal 237)
   defining Unicode char U+00EE (decimal 238)
   defining Unicode char U+00EF (decimal 239)
   defining Unicode char U+00F0 (decimal 240)
   defining Unicode char U+00F1 (decimal 241)
   defining Unicode char U+00F2 (decimal 242)
   defining Unicode char U+00F3 (decimal 243)
   defining Unicode char U+00F4 (decimal 244)
   defining Unicode char U+00F5 (decimal 245)
   defining Unicode char U+00F6 (decimal 246)
   defining Unicode char U+00F8 (decimal 248)
   defining Unicode char U+00F9 (decimal 249)
   defining Unicode char U+00FA (decimal 250)
   defining Unicode char U+00FB (decimal 251)
   defining Unicode char U+00FC (decimal 252)
   defining Unicode char U+00FD (decimal 253)
   defining Unicode char U+00FE (decimal 254)
   defining Unicode char U+00FF (decimal 255)
   defining Unicode char U+0102 (decimal 258)
   defining Unicode char U+0103 (decimal 259)
   defining Unicode char U+0104 (decimal 260)
   defining Unicode char U+0105 (decimal 261)
   defining Unicode char U+0106 (decimal 262)
   defining Unicode char U+0107 (decimal 263)
   defining Unicode char U+010C (decimal 268)
   defining Unicode char U+010D (decimal 269)
   defining Unicode char U+010E (decimal 270)
   defining Unicode char U+010F (decimal 271)
   defining Unicode char U+0110 (decimal 272)
   defining Unicode char U+0111 (decimal 273)
   defining Unicode char U+0118 (decimal 280)
   defining Unicode char U+0119 (decimal 281)
   defining Unicode char U+011A (decimal 282)
   defining Unicode char U+011B (decimal 283)
   defining Unicode char U+011E (decimal 286)
   defining Unicode char U+011F (decimal 287)
   defining Unicode char U+0130 (decimal 304)
   defining Unicode char U+0131 (decimal 305)
   defining Unicode char U+0132 (decimal 306)
   defining Unicode char U+0133 (decimal 307)
   defining Unicode char U+0139 (decimal 313)
   defining Unicode char U+013A (decimal 314)
   defining Unicode char U+013D (decimal 317)
   defining Unicode char U+013E (decimal 318)
   defining Unicode char U+0141 (decimal 321)
   defining Unicode char U+0142 (decimal 322)
   defining Unicode char U+0143 (decimal 323)
   defining Unicode char U+0144 (decimal 324)
   defining Unicode char U+0147 (decimal 327)
   defining Unicode char U+0148 (decimal 328)
   defining Unicode char U+014A (decimal 330)
   defining Unicode char U+014B (decimal 331)
   defining Unicode char U+0150 (decimal 336)
   defining Unicode char U+0151 (decimal 337)
   defining Unicode char U+0152 (decimal 338)
   defining Unicode char U+0153 (decimal 339)
   defining Unicode char U+0154 (decimal 340)
   defining Unicode char U+0155 (decimal 341)
   defining Unicode char U+0158 (decimal 344)
   defining Unicode char U+0159 (decimal 345)
   defining Unicode char U+015A (decimal 346)
   defining Unicode char U+015B (decimal 347)
   defining Unicode char U+015E (decimal 350)
   defining Unicode char U+015F (decimal 351)
   defining Unicode char U+0160 (decimal 352)
   defining Unicode char U+0161 (decimal 353)
   defining Unicode char U+0162 (decimal 354)
   defining Unicode char U+0163 (decimal 355)
   defining Unicode char U+0164 (decimal 356)
   defining Unicode char U+0165 (decimal 357)
   defining Unicode char U+016E (decimal 366)
   defining Unicode char U+016F (decimal 367)
   defining Unicode char U+0170 (decimal 368)
   defining Unicode char U+0171 (decimal 369)
   defining Unicode char U+0178 (decimal 376)
   defining Unicode char U+0179 (decimal 377)
   defining Unicode char U+017A (decimal 378)
   defining Unicode char U+017B (decimal 379)
   defining Unicode char U+017C (decimal 380)
   defining Unicode char U+017D (decimal 381)
   defining Unicode char U+017E (decimal 382)
   defining Unicode char U+200C (decimal 8204)
   defining Unicode char U+2013 (decimal 8211)
   defining Unicode char U+2014 (decimal 8212)
   defining Unicode char U+2018 (decimal 8216)
   defining Unicode char U+2019 (decimal 8217)
   defining Unicode char U+201A (decimal 8218)
   defining Unicode char U+201C (decimal 8220)
   defining Unicode char U+201D (decimal 8221)
   defining Unicode char U+201E (decimal 8222)
   defining Unicode char U+2030 (decimal 8240)
   defining Unicode char U+2031 (decimal 8241)
   defining Unicode char U+2039 (decimal 8249)
   defining Unicode char U+203A (decimal 8250)
   defining Unicode char U+2423 (decimal 9251)
)
Now handling font encoding OT1 ...
... processing UTF-8 mapping file for font encoding OT1

(/usr/local/texlive/2014/texmf-dist/tex/latex/base/ot1enc.dfu
File: ot1enc.dfu 2008/04/05 v1.1m UTF-8 support for inputenc
   defining Unicode char U+00A1 (decimal 161)
   defining Unicode char U+00A3 (decimal 163)
   defining Unicode char U+00B8 (decimal 184)
   defining Unicode char U+00BF (decimal 191)
   defining Unicode char U+00C5 (decimal 197)
   defining Unicode char U+00C6 (decimal 198)
   defining Unicode char U+00D8 (decimal 216)
   defining Unicode char U+00DF (decimal 223)
   defining Unicode char U+00E6 (decimal 230)
   defining Unicode char U+00EC (decimal 236)
   defining Unicode char U+00ED (decimal 237)
   defining Unicode char U+00EE (decimal 238)
   defining Unicode char U+00EF (decimal 239)
   defining Unicode char U+00F8 (decimal 248)
   defining Unicode char U+0131 (decimal 305)
   defining Unicode char U+0141 (decimal 321)
   defining Unicode char U+0142 (decimal 322)
   defining Unicode char U+0152 (decimal 338)
   defining Unicode char U+0153 (decimal 339)
   defining Unicode char U+2013 (decimal 8211)
   defining Unicode char U+2014 (decimal 8212)
   defining Unicode char U+2018 (decimal 8216)
   defining Unicode char U+2019 (decimal 8217)
   defining Unicode char U+201C (decimal 8220)
   defining Unicode char U+201D (decimal 8221)
)
Now handling font encoding OMS ...
... processing UTF-8 mapping file for font encoding OMS

(/usr/local/texlive/2014/texmf-dist/tex/latex/base/omsenc.dfu
File: omsenc.dfu 2008/04/05 v1.1m UTF-8 support for inputenc
   defining Unicode char U+00A7 (decimal 167)
   defining Unicode char U+00B6 (decimal 182)
   defining Unicode char U+00B7 (decimal 183)
   defining Unicode char U+2020 (decimal 8224)
   defining Unicode char U+2021 (decimal 8225)
   defining Unicode char U+2022 (decimal 8226)
)
Now handling font encoding OMX ...
... no UTF-8 mapping file for font encoding OMX
Now handling font encoding U ...
... no UTF-8 mapping file for font encoding U
Now handling font encoding PD1 ...
... no UTF-8 mapping file for font encoding PD1
   defining Unicode char U+00A9 (decimal 169)
   defining Unicode char U+00AA (decimal 170)
   defining Unicode char U+00AE (decimal 174)
   defining Unicode char U+00BA (decimal 186)
   defining Unicode char U+02C6 (decimal 710)
   defining Unicode char U+02DC (decimal 732)
   defining Unicode char U+200C (decimal 8204)
   defining Unicode char U+2026 (decimal 8230)
   defining Unicode char U+2122 (decimal 8482)
   defining Unicode char U+2423 (decimal 9251)
))
(/usr/local/texlive/2014/texmf-dist/tex/latex/base/fontenc.sty
Package: fontenc 2005/09/27 v1.99g Standard LaTeX package

(/usr/local/texlive/2014/texmf-dist/tex/latex/base/t1enc.def
File: t1enc.def 2005/09/27 v1.99g Standard LaTeX file
LaTeX Font Info:    Redeclaring font encoding T1 on input line 43.
))
(/usr/local/texlive/2014/texmf-dist/tex/generic/babel/babel.sty
Package: babel 2014/03/24 3.9k The Babel package

(/usr/local/texlive/2014/texmf-dist/tex/generic/babel-french/frenchb.ldf
Language: frenchb 2014/04/18 v3.0c French support from the babel system

(/usr/local/texlive/2014/texmf-dist/tex/generic/babel/babel.def
File: babel.def 2014/03/24 3.9k Babel common definitions
\babel@savecnt=\count102
\U@D=\dimen115
)
\l@acadian = a dialect from \language\l@french 
\l@canadien = a dialect from \language\l@french 
\FBcolonskip=\skip44
\FBthinskip=\skip45
\FB@interchartokenstateORI=\count103
Package babel Info: Making : an active character on input line 371.
Package babel Info: Making ; an active character on input line 372.
Package babel Info: Making ! an active character on input line 373.
Package babel Info: Making ? an active character on input line 374.
\FBguillskip=\skip46
\FB@Mht=\dimen116
\std@mcc=\count104
\dec@mcc=\count105
\listindentFB=\skip47
\labelwidthFB=\skip48
\leftmarginFB=\skip49
\parindentFFN=\dimen117
))
(/usr/local/texlive/2014/texmf-dist/tex/latex/carlisle/scalefnt.sty)
(/usr/local/texlive/2014/texmf-dist/tex/latex/cclicenses/cclicenses.sty
Package: cclicenses 2005/05/20 v0.4 CC licenses typesetting

(/usr/local/texlive/2014/texmf-dist/tex/latex/rotating/rotating.sty
Package: rotating 2009/03/28 v2.16a rotated objects in LaTeX

(/usr/local/texlive/2014/texmf-dist/tex/latex/graphics/graphicx.sty
Package: graphicx 2014/04/25 v1.0g Enhanced LaTeX Graphics (DPC,SPQR)

(/usr/local/texlive/2014/texmf-dist/tex/latex/graphics/graphics.sty
Package: graphics 2009/02/05 v1.0o Standard LaTeX Graphics (DPC,SPQR)

(/usr/local/texlive/2014/texmf-dist/tex/latex/graphics/trig.sty
Package: trig 1999/03/16 v1.09 sin cos tan (DPC)
)
(/usr/local/texlive/2014/texmf-dist/tex/latex/latexconfig/graphics.cfg
File: graphics.cfg 2010/04/23 v1.9 graphics configuration of TeX Live
)
Package graphics Info: Driver file: pdftex.def on input line 91.
)
\Gin@req@height=\dimen118
\Gin@req@width=\dimen119
)
(/usr/local/texlive/2014/texmf-dist/tex/latex/base/ifthen.sty
Package: ifthen 2001/05/26 v1.1c Standard LaTeX ifthen package (DPC)
)
\c@r@tfl@t=\count106
\rotFPtop=\skip50
\rotFPbot=\skip51
\rot@float@box=\box26
\rot@mess@toks=\toks18
)
\chardim=\dimen120
\hdim=\dimen121
\htmp=\dimen122
\hpos=\count107
\vpos=\count108
)
(/usr/local/texlive/2014/texmf-dist/tex/latex/epigraph/epigraph.sty
Package: epigraph 2009/09/02 v1.5c typesetting epigraphs
\beforeepigraphskip=\skip52
\afterepigraphskip=\skip53
\epigraphwidth=\skip54
\epigraphrule=\skip55
)
(/usr/local/texlive/2014/texmf-dist/tex/latex/eso-pic/eso-pic.sty
Package: eso-pic 2013/10/06 v2.0d eso-pic (RN)
)
(/usr/local/texlive/2014/texmf-dist/tex/latex/listings/listings.sty
\lst@mode=\count109
\lst@gtempboxa=\box27
\lst@token=\toks19
\lst@length=\count110
\lst@currlwidth=\dimen123
\lst@column=\count111
\lst@pos=\count112
\lst@lostspace=\dimen124
\lst@width=\dimen125
\lst@newlines=\count113
\lst@lineno=\count114
\lst@maxwidth=\dimen126

(/usr/local/texlive/2014/texmf-dist/tex/latex/listings/lstmisc.sty
File: lstmisc.sty 2014/03/04 1.5c (Carsten Heinz)
\c@lstnumber=\count115
\lst@skipnumbers=\count116
\lst@framebox=\box28
)
(/usr/local/texlive/2014/texmf-dist/tex/latex/listings/listings.cfg
File: listings.cfg 2014/03/04 1.5c listings configuration
))
Package: listings 2014/03/04 1.5c (Carsten Heinz)

(/usr/local/texlive/2014/texmf-dist/tex/latex/booktabs/booktabs.sty
Package: booktabs 2005/04/14 v1.61803 publication quality tables
\heavyrulewidth=\dimen127
\lightrulewidth=\dimen128
\cmidrulewidth=\dimen129
\belowrulesep=\dimen130
\belowbottomsep=\dimen131
\aboverulesep=\dimen132
\abovetopsep=\dimen133
\cmidrulesep=\dimen134
\cmidrulekern=\dimen135
\defaultaddspace=\dimen136
\@cmidla=\count117
\@cmidlb=\count118
\@aboverulesep=\dimen137
\@belowrulesep=\dimen138
\@thisruleclass=\count119
\@lastruleclass=\count120
\@thisrulewidth=\dimen139
)
(/usr/local/texlive/2014/texmf-dist/tex/latex/base/makeidx.sty
Package: makeidx 2000/03/29 v1.0m Standard LaTeX package
)
(/usr/local/texlive/2014/texmf-dist/tex/latex/glossaries/base/glossaries.sty
Package: glossaries 2014/04/04 v4.07 (NLCT)

(/usr/local/texlive/2014/texmf-dist/tex/latex/xkeyval/xkeyval.sty
Package: xkeyval 2014/05/09 v2.6d package option processing (HA)

(/usr/local/texlive/2014/texmf-dist/tex/generic/xkeyval/xkeyval.tex
\XKV@toks=\toks20
\XKV@tempa@toks=\toks21
\XKV@depth=\count121
File: xkeyval.tex 2014/05/09 v2.6d key=value parser (HA)
))
(/usr/local/texlive/2014/texmf-dist/tex/latex/glossaries/base/mfirstuc.sty
Package: mfirstuc 2013/11/04 v1.08 (NLCT)

(/usr/local/texlive/2014/texmf-dist/tex/latex/etoolbox/etoolbox.sty
Package: etoolbox 2011/01/03 v2.1 e-TeX tools for LaTeX

(/usr/local/texlive/2014/texmf-dist/tex/latex/etex-pkg/etex.sty
Package: etex 1998/03/26 v2.0 eTeX basic definition package (PEB)
\et@xins=\count122
)
\etb@tempcnta=\count123
)
\@glsmfirst=\toks22
\@glsmrest=\toks23
)
(/usr/local/texlive/2014/texmf-dist/tex/latex/textcase/textcase.sty
Package: textcase 2004/10/07 v0.07 Text only upper/lower case changing (DPC)
)
(/usr/local/texlive/2014/texmf-dist/tex/latex/xfor/xfor.sty
Package: xfor 2009/02/05 v1.05 (NLCT)
)
(/usr/local/texlive/2014/texmf-dist/tex/latex/datatool/datatool-base.sty
Package: datatool-base 2013/09/06 v2.18 (NLCT)

(/usr/local/texlive/2014/texmf-dist/tex/latex/amsmath/amsmath.sty
Package: amsmath 2013/01/14 v2.14 AMS math features
\@mathmargin=\skip56

For additional information on amsmath, use the `?' option.
(/usr/local/texlive/2014/texmf-dist/tex/latex/amsmath/amstext.sty
Package: amstext 2000/06/29 v2.01

(/usr/local/texlive/2014/texmf-dist/tex/latex/amsmath/amsgen.sty
File: amsgen.sty 1999/11/30 v2.0
\@emptytoks=\toks24
\ex@=\dimen140
))
(/usr/local/texlive/2014/texmf-dist/tex/latex/amsmath/amsbsy.sty
Package: amsbsy 1999/11/29 v1.2d
\pmbraise@=\dimen141
)
(/usr/local/texlive/2014/texmf-dist/tex/latex/amsmath/amsopn.sty
Package: amsopn 1999/12/14 v2.01 operator names
)
\inf@bad=\count124
LaTeX Info: Redefining \frac on input line 210.
\uproot@=\count125
\leftroot@=\count126
LaTeX Info: Redefining \overline on input line 306.
\classnum@=\count127
\DOTSCASE@=\count128
LaTeX Info: Redefining \ldots on input line 378.
LaTeX Info: Redefining \dots on input line 381.
LaTeX Info: Redefining \cdots on input line 466.
\Mathstrutbox@=\box29
\strutbox@=\box30
\big@size=\dimen142
LaTeX Font Info:    Redeclaring font encoding OML on input line 566.
LaTeX Font Info:    Redeclaring font encoding OMS on input line 567.
\macc@depth=\count129
\c@MaxMatrixCols=\count130
\dotsspace@=\muskip11
\c@parentequation=\count131
\dspbrk@lvl=\count132
\tag@help=\toks25
\row@=\count133
\column@=\count134
\maxfields@=\count135
\andhelp@=\toks26
\eqnshift@=\dimen143
\alignsep@=\dimen144
\tagshift@=\dimen145
\tagwidth@=\dimen146
\totwidth@=\dimen147
\lineht@=\dimen148
\@envbody=\toks27
\multlinegap=\skip57
\multlinetaggap=\skip58
\mathdisplay@stack=\toks28
LaTeX Info: Redefining \[ on input line 2665.
LaTeX Info: Redefining \] on input line 2666.
)
(/usr/local/texlive/2014/texmf-dist/tex/latex/substr/substr.sty
Package: substr 2009/10/20 v1.2 Handle substrings
\c@su@anzahl=\count136
)
(/usr/local/texlive/2014/texmf-dist/tex/latex/datatool/datatool-fp.sty
Package: datatool-fp 2013/08/29 v2.17 (NLCT)

(/usr/local/texlive/2014/texmf-dist/tex/latex/fp/fp.sty
Package: fp 1995/04/02

`Fixed Point Package', Version 0.8, April 2, 1995 (C) Michael Mehlich
(/usr/local/texlive/2014/texmf-dist/tex/latex/fp/defpattern.sty
Package: defpattern 1994/10/12
\actioncount=\count137
)
(/usr/local/texlive/2014/texmf-dist/tex/latex/fp/fp-basic.sty
Package: fp-basic 1996/05/13
\FP@xs=\count138
\FP@xia=\count139
\FP@xib=\count140
\FP@xfa=\count141
\FP@xfb=\count142
\FP@rega=\count143
\FP@regb=\count144
\FP@regs=\count145
\FP@times=\count146
)
(/usr/local/texlive/2014/texmf-dist/tex/latex/fp/fp-addons.sty
Package: fp-addons 1995/03/15
)
(/usr/local/texlive/2014/texmf-dist/tex/latex/fp/fp-snap.sty
Package: fp-snap 1995/04/05
)
(/usr/local/texlive/2014/texmf-dist/tex/latex/fp/fp-exp.sty
Package: fp-exp 1995/04/03
)
(/usr/local/texlive/2014/texmf-dist/tex/latex/fp/fp-trigo.sty
Package: fp-trigo 1995/04/14
)
(/usr/local/texlive/2014/texmf-dist/tex/latex/fp/fp-pas.sty
Package: fp-pas 1994/08/29
)
(/usr/local/texlive/2014/texmf-dist/tex/latex/fp/fp-random.sty
Package: fp-random 1995/02/23
\FPseed=\count147
)
(/usr/local/texlive/2014/texmf-dist/tex/latex/fp/fp-eqn.sty
Package: fp-eqn 1995/04/03
)
(/usr/local/texlive/2014/texmf-dist/tex/latex/fp/fp-upn.sty
Package: fp-upn 1996/10/21
)
(/usr/local/texlive/2014/texmf-dist/tex/latex/fp/fp-eval.sty
Package: fp-eval 1995/04/03
)))
\@dtl@toks=\toks29
\@dtl@tmpcount=\count148
\dtl@tmplength=\skip59
\dtl@sortresult=\count149
\@dtl@numgrpsepcount=\count150
\@dtl@datatype=\count151
\dtl@codeA=\count152
\dtl@codeB=\count153
\@dtl@foreach@level=\count154
)
(/usr/local/texlive/2014/texmf-dist/tex/latex/glossaries/base/glossaries-compat
ible-307.sty
Package: glossaries-compatible-307 2013/11/14 v4.0 (NLCT)
)
(/usr/local/texlive/2014/texmf-dist/tex/latex/beamer/translator/translator.sty
Package: translator 2010/06/12 ver 1.10

(/usr/local/texlive/2014/texmf-dist/tex/latex/beamer/translator/translator-lang
uage-mappings.tex))
\gls@level=\count155
\@gls@tmpb=\toks30
\gls@tmplen=\skip60
\glskeylisttok=\toks31
\glslabeltok=\toks32
\glsshorttok=\toks33
\glslongtok=\toks34

(/usr/local/texlive/2014/texmf-dist/tex/latex/glossaries/styles/glossary-hypern
av.sty
Package: glossary-hypernav 2013/11/14 v4.0 (NLCT)
)
(/usr/local/texlive/2014/texmf-dist/tex/latex/glossaries/styles/glossary-list.s
ty
Package: glossary-list 2013/11/14 v4.0 (NLCT)
\glslistdottedwidth=\skip61
)
(/usr/local/texlive/2014/texmf-dist/tex/latex/glossaries/styles/glossary-long.s
ty
Package: glossary-long 2013/11/14 v4.0 (NLCT)
 (/usr/local/texlive/2014/texmf-dist/tex/latex/tools/longtable.sty
Package: longtable 2004/02/01 v4.11 Multi-page Table package (DPC)
\LTleft=\skip62
\LTright=\skip63
\LTpre=\skip64
\LTpost=\skip65
\LTchunksize=\count156
\LTcapwidth=\dimen149
\LT@head=\box31
\LT@firsthead=\box32
\LT@foot=\box33
\LT@lastfoot=\box34
\LT@cols=\count157
\LT@rows=\count158
\c@LT@tables=\count159
\c@LT@chunks=\count160
\LT@p@ftn=\toks35
)
\glsdescwidth=\skip66
\glspagelistwidth=\skip67
)
(/usr/local/texlive/2014/texmf-dist/tex/latex/glossaries/styles/glossary-super.
sty
Package: glossary-super 2013/11/14 v4.0 (NLCT)
 (/usr/local/texlive/2014/texmf-dist/tex/latex/supertabular/supertabular.sty
Package: supertabular 2004/02/20 v4.1e the supertabular environment
\c@tracingst=\count161
\ST@wd=\dimen150
\ST@rightskip=\skip68
\ST@leftskip=\skip69
\ST@parfillskip=\skip70
\ST@pageleft=\dimen151
\ST@headht=\dimen152
\ST@tailht=\dimen153
\ST@pagesofar=\dimen154
\ST@pboxht=\dimen155
\ST@lineht=\dimen156
\ST@stretchht=\dimen157
\ST@prevht=\dimen158
\ST@toadd=\dimen159
\ST@dimen=\dimen160
\ST@pbox=\box35
))
(/usr/local/texlive/2014/texmf-dist/tex/latex/glossaries/styles/glossary-tree.s
ty
Package: glossary-tree 2014/03/06 v4.04 (NLCT)
\glstreeindent=\skip71
)) (/usr/local/texlive/2014/texmf-dist/tex/latex/tools/multicol.sty
Package: multicol 2014/04/23 v1.8e multicolumn formatting (FMi)
\c@tracingmulticols=\count162
\mult@box=\box36
\multicol@leftmargin=\dimen161
\c@unbalance=\count163
\c@collectmore=\count164
\doublecol@number=\count165
\multicoltolerance=\count166
\multicolpretolerance=\count167
\full@width=\dimen162
\page@free=\dimen163
\premulticols=\dimen164
\postmulticols=\dimen165
\multicolsep=\skip72
\multicolbaselineskip=\skip73
\partial@page=\box37
\last@line=\box38
\maxbalancingoverflow=\dimen166
\mult@rightbox=\box39
\mult@grightbox=\box40
\mult@gfirstbox=\box41
\mult@firstbox=\box42
\@tempa=\box43
\@tempa=\box44
\@tempa=\box45
\@tempa=\box46
\@tempa=\box47
\@tempa=\box48
\@tempa=\box49
\@tempa=\box50
\@tempa=\box51
\@tempa=\box52
\@tempa=\box53
\@tempa=\box54
\@tempa=\box55
\@tempa=\box56
\@tempa=\box57
\@tempa=\box58
\@tempa=\box59
\c@columnbadness=\count168
\c@finalcolumnbadness=\count169
\last@try=\dimen167
\multicolovershoot=\dimen168
\multicolundershoot=\dimen169
\mult@nat@firstbox=\box60
\colbreak@box=\box61
\mc@col@check@num=\count170
)
(/usr/local/texlive/2014/texmf-dist/tex/latex/float/float.sty
Package: float 2001/11/08 v1.3d Float enhancements (AL)
\c@float@type=\count171
\float@exts=\toks36
\float@box=\box62
\@float@everytoks=\toks37
\@floatcapt=\box63
)
(/usr/local/texlive/2014/texmf-dist/tex/latex/eurosym/eurosym.sty
Package: eurosym 1998/08/06 v1.1 European currency symbol ``Euro''
\@eurobox=\box64
)
(/usr/local/texlive/2014/texmf-dist/tex/latex/enumitem/enumitem.sty
Package: enumitem 2011/09/28 v3.5.2 Customized lists
\labelindent=\skip74
\enit@outerparindent=\dimen170
\enit@toks=\toks38
\enit@inbox=\box65
\enitdp@description=\count172
)
(/usr/local/texlive/2014/texmf-dist/tex/latex/base/textcomp.sty
Package: textcomp 2005/09/27 v1.99g Standard LaTeX package
Package textcomp Info: Sub-encoding information:
(textcomp)               5 = only ISO-Adobe without \textcurrency
(textcomp)               4 = 5 + \texteuro
(textcomp)               3 = 4 + \textohm
(textcomp)               2 = 3 + \textestimated + \textcurrency
(textcomp)               1 = TS1 - \textcircled - \t
(textcomp)               0 = TS1 (full)
(textcomp)             Font families with sub-encoding setting implement
(textcomp)             only a restricted character set as indicated.
(textcomp)             Family '?' is the default used for unknown fonts.
(textcomp)             See the documentation for details.
Package textcomp Info: Setting ? sub-encoding to TS1/1 on input line 71.

(/usr/local/texlive/2014/texmf-dist/tex/latex/base/ts1enc.def
File: ts1enc.def 2001/06/05 v3.0e (jk/car/fm) Standard LaTeX file
Now handling font encoding TS1 ...
... processing UTF-8 mapping file for font encoding TS1

(/usr/local/texlive/2014/texmf-dist/tex/latex/base/ts1enc.dfu
File: ts1enc.dfu 2008/04/05 v1.1m UTF-8 support for inputenc
   defining Unicode char U+00A2 (decimal 162)
   defining Unicode char U+00A3 (decimal 163)
   defining Unicode char U+00A4 (decimal 164)
   defining Unicode char U+00A5 (decimal 165)
   defining Unicode char U+00A6 (decimal 166)
   defining Unicode char U+00A7 (decimal 167)
   defining Unicode char U+00A8 (decimal 168)
   defining Unicode char U+00A9 (decimal 169)
   defining Unicode char U+00AA (decimal 170)
   defining Unicode char U+00AC (decimal 172)
   defining Unicode char U+00AE (decimal 174)
   defining Unicode char U+00AF (decimal 175)
   defining Unicode char U+00B0 (decimal 176)
   defining Unicode char U+00B1 (decimal 177)
   defining Unicode char U+00B2 (decimal 178)
   defining Unicode char U+00B3 (decimal 179)
   defining Unicode char U+00B4 (decimal 180)
   defining Unicode char U+00B5 (decimal 181)
   defining Unicode char U+00B6 (decimal 182)
   defining Unicode char U+00B7 (decimal 183)
   defining Unicode char U+00B9 (decimal 185)
   defining Unicode char U+00BA (decimal 186)
   defining Unicode char U+00BC (decimal 188)
   defining Unicode char U+00BD (decimal 189)
   defining Unicode char U+00BE (decimal 190)
   defining Unicode char U+00D7 (decimal 215)
   defining Unicode char U+00F7 (decimal 247)
   defining Unicode char U+0192 (decimal 402)
   defining Unicode char U+02C7 (decimal 711)
   defining Unicode char U+02D8 (decimal 728)
   defining Unicode char U+02DD (decimal 733)
   defining Unicode char U+0E3F (decimal 3647)
   defining Unicode char U+2016 (decimal 8214)
   defining Unicode char U+2020 (decimal 8224)
   defining Unicode char U+2021 (decimal 8225)
   defining Unicode char U+2022 (decimal 8226)
   defining Unicode char U+2030 (decimal 8240)
   defining Unicode char U+2031 (decimal 8241)
   defining Unicode char U+203B (decimal 8251)
   defining Unicode char U+203D (decimal 8253)
   defining Unicode char U+2044 (decimal 8260)
   defining Unicode char U+204E (decimal 8270)
   defining Unicode char U+2052 (decimal 8274)
   defining Unicode char U+20A1 (decimal 8353)
   defining Unicode char U+20A4 (decimal 8356)
   defining Unicode char U+20A6 (decimal 8358)
   defining Unicode char U+20A9 (decimal 8361)
   defining Unicode char U+20AB (decimal 8363)
   defining Unicode char U+20AC (decimal 8364)
   defining Unicode char U+20B1 (decimal 8369)
   defining Unicode char U+2103 (decimal 8451)
   defining Unicode char U+2116 (decimal 8470)
   defining Unicode char U+2117 (decimal 8471)
   defining Unicode char U+211E (decimal 8478)
   defining Unicode char U+2120 (decimal 8480)
   defining Unicode char U+2122 (decimal 8482)
   defining Unicode char U+2126 (decimal 8486)
   defining Unicode char U+2127 (decimal 8487)
   defining Unicode char U+212E (decimal 8494)
   defining Unicode char U+2190 (decimal 8592)
   defining Unicode char U+2191 (decimal 8593)
   defining Unicode char U+2192 (decimal 8594)
   defining Unicode char U+2193 (decimal 8595)
   defining Unicode char U+2329 (decimal 9001)
   defining Unicode char U+232A (decimal 9002)
   defining Unicode char U+2422 (decimal 9250)
   defining Unicode char U+25E6 (decimal 9702)
   defining Unicode char U+25EF (decimal 9711)
   defining Unicode char U+266A (decimal 9834)
))
LaTeX Info: Redefining \oldstylenums on input line 266.
Package textcomp Info: Setting cmr sub-encoding to TS1/0 on input line 281.
Package textcomp Info: Setting cmss sub-encoding to TS1/0 on input line 282.
Package textcomp Info: Setting cmtt sub-encoding to TS1/0 on input line 283.
Package textcomp Info: Setting cmvtt sub-encoding to TS1/0 on input line 284.
Package textcomp Info: Setting cmbr sub-encoding to TS1/0 on input line 285.
Package textcomp Info: Setting cmtl sub-encoding to TS1/0 on input line 286.
Package textcomp Info: Setting ccr sub-encoding to TS1/0 on input line 287.
Package textcomp Info: Setting ptm sub-encoding to TS1/4 on input line 288.
Package textcomp Info: Setting pcr sub-encoding to TS1/4 on input line 289.
Package textcomp Info: Setting phv sub-encoding to TS1/4 on input line 290.
Package textcomp Info: Setting ppl sub-encoding to TS1/3 on input line 291.
Package textcomp Info: Setting pag sub-encoding to TS1/4 on input line 292.
Package textcomp Info: Setting pbk sub-encoding to TS1/4 on input line 293.
Package textcomp Info: Setting pnc sub-encoding to TS1/4 on input line 294.
Package textcomp Info: Setting pzc sub-encoding to TS1/4 on input line 295.
Package textcomp Info: Setting bch sub-encoding to TS1/4 on input line 296.
Package textcomp Info: Setting put sub-encoding to TS1/5 on input line 297.
Package textcomp Info: Setting uag sub-encoding to TS1/5 on input line 298.
Package textcomp Info: Setting ugq sub-encoding to TS1/5 on input line 299.
Package textcomp Info: Setting ul8 sub-encoding to TS1/4 on input line 300.
Package textcomp Info: Setting ul9 sub-encoding to TS1/4 on input line 301.
Package textcomp Info: Setting augie sub-encoding to TS1/5 on input line 302.
Package textcomp Info: Setting dayrom sub-encoding to TS1/3 on input line 303.
Package textcomp Info: Setting dayroms sub-encoding to TS1/3 on input line 304.

Package textcomp Info: Setting pxr sub-encoding to TS1/0 on input line 305.
Package textcomp Info: Setting pxss sub-encoding to TS1/0 on input line 306.
Package textcomp Info: Setting pxtt sub-encoding to TS1/0 on input line 307.
Package textcomp Info: Setting txr sub-encoding to TS1/0 on input line 308.
Package textcomp Info: Setting txss sub-encoding to TS1/0 on input line 309.
Package textcomp Info: Setting txtt sub-encoding to TS1/0 on input line 310.
Package textcomp Info: Setting lmr sub-encoding to TS1/0 on input line 311.
Package textcomp Info: Setting lmdh sub-encoding to TS1/0 on input line 312.
Package textcomp Info: Setting lmss sub-encoding to TS1/0 on input line 313.
Package textcomp Info: Setting lmssq sub-encoding to TS1/0 on input line 314.
Package textcomp Info: Setting lmvtt sub-encoding to TS1/0 on input line 315.
Package textcomp Info: Setting qhv sub-encoding to TS1/0 on input line 316.
Package textcomp Info: Setting qag sub-encoding to TS1/0 on input line 317.
Package textcomp Info: Setting qbk sub-encoding to TS1/0 on input line 318.
Package textcomp Info: Setting qcr sub-encoding to TS1/0 on input line 319.
Package textcomp Info: Setting qcs sub-encoding to TS1/0 on input line 320.
Package textcomp Info: Setting qpl sub-encoding to TS1/0 on input line 321.
Package textcomp Info: Setting qtm sub-encoding to TS1/0 on input line 322.
Package textcomp Info: Setting qzc sub-encoding to TS1/0 on input line 323.
Package textcomp Info: Setting qhvc sub-encoding to TS1/0 on input line 324.
Package textcomp Info: Setting futs sub-encoding to TS1/4 on input line 325.
Package textcomp Info: Setting futx sub-encoding to TS1/4 on input line 326.
Package textcomp Info: Setting futj sub-encoding to TS1/4 on input line 327.
Package textcomp Info: Setting hlh sub-encoding to TS1/3 on input line 328.
Package textcomp Info: Setting hls sub-encoding to TS1/3 on input line 329.
Package textcomp Info: Setting hlst sub-encoding to TS1/3 on input line 330.
Package textcomp Info: Setting hlct sub-encoding to TS1/5 on input line 331.
Package textcomp Info: Setting hlx sub-encoding to TS1/5 on input line 332.
Package textcomp Info: Setting hlce sub-encoding to TS1/5 on input line 333.
Package textcomp Info: Setting hlcn sub-encoding to TS1/5 on input line 334.
Package textcomp Info: Setting hlcw sub-encoding to TS1/5 on input line 335.
Package textcomp Info: Setting hlcf sub-encoding to TS1/5 on input line 336.
Package textcomp Info: Setting pplx sub-encoding to TS1/3 on input line 337.
Package textcomp Info: Setting pplj sub-encoding to TS1/3 on input line 338.
Package textcomp Info: Setting ptmx sub-encoding to TS1/4 on input line 339.
Package textcomp Info: Setting ptmj sub-encoding to TS1/4 on input line 340.
)
(/usr/local/texlive/2014/texmf-dist/tex/latex/subfigure/subfigure.sty
Package: subfigure 2002/03/15 v2.1.5 subfigure package
\subfigtopskip=\skip75
\subfigcapskip=\skip76
\subfigcaptopadj=\dimen171
\subfigbottomskip=\skip77
\subfigcapmargin=\dimen172
\subfiglabelskip=\skip78
\c@subfigure=\count173
\c@lofdepth=\count174
\c@subtable=\count175
\c@lotdepth=\count176

****************************************
* Local config file subfigure.cfg used *
****************************************
(/usr/local/texlive/2014/texmf-dist/tex/latex/subfigure/subfigure.cfg)
\subfig@top=\skip79
\subfig@bottom=\skip80
)
(/usr/local/texlive/2014/texmf-dist/tex/latex/pdfpages/pdfpages.sty
Package: pdfpages 2013/08/25 v0.4v Insert pages of external PDF documents (AM)

(/usr/local/texlive/2014/texmf-dist/tex/latex/tools/calc.sty
Package: calc 2007/08/22 v4.3 Infix arithmetic (KKT,FJ)
\calc@Acount=\count177
\calc@Bcount=\count178
\calc@Adimen=\dimen173
\calc@Bdimen=\dimen174
\calc@Askip=\skip81
\calc@Bskip=\skip82
LaTeX Info: Redefining \setlength on input line 75.
LaTeX Info: Redefining \addtolength on input line 76.
\calc@Ccount=\count179
\calc@Cskip=\skip83
)
(/usr/local/texlive/2014/texmf-dist/tex/latex/pdfpages/pppdftex.def
File: pppdftex.def 2013/08/25 v0.4v Pdfpages driver for pdfTeX (AM)
)
\AM@pagebox=\box66
\AM@toc@title=\toks39
\c@AM@survey=\count180
\AM@templatesizebox=\box67
)
(/usr/local/texlive/2014/texmf-dist/tex/latex/graphics/lscape.sty
Package: lscape 2000/10/22 v3.01 Landscape Pages (DPC)
)
(/usr/local/texlive/2014/texmf-dist/tex/latex/caption/caption.sty
Package: caption 2013/05/02 v3.3-89 Customizing captions (AR)

(/usr/local/texlive/2014/texmf-dist/tex/latex/caption/caption3.sty
Package: caption3 2013/05/02 v1.6-88 caption3 kernel (AR)
Package caption3 Info: TeX engine: e-TeX on input line 57.
\captionmargin=\dimen175
\captionmargin@=\dimen176
\captionwidth=\dimen177
\caption@tempdima=\dimen178
\caption@indent=\dimen179
\caption@parindent=\dimen180
\caption@hangindent=\dimen181
)
\c@ContinuedFloat=\count181
Package caption Info: float package is loaded.
Package caption Info: hyperref package is loaded.
Package caption Info: listings package is loaded.
Package caption Info: longtable package is loaded.

(/usr/local/texlive/2014/texmf-dist/tex/latex/caption/ltcaption.sty
Package: ltcaption 2013/02/03 v1.3-62 longtable captions (AR)
)
Package caption Info: rotating package is loaded.
Package caption Info: subfigure package is loaded.
Package caption Info: supertabular package is loaded.
)
(/usr/local/texlive/2014/texmf-dist/tex/latex/psnfss/pifont.sty
Package: pifont 2005/04/12 PSNFSS-v9.2a Pi font support (SPQR) 
LaTeX Font Info:    Try loading font information for U+pzd on input line 63.

(/usr/local/texlive/2014/texmf-dist/tex/latex/psnfss/upzd.fd
File: upzd.fd 2001/06/04 font definitions for U/pzd.
)
LaTeX Font Info:    Try loading font information for U+psy on input line 64.

(/usr/local/texlive/2014/texmf-dist/tex/latex/psnfss/upsy.fd
File: upsy.fd 2001/06/04 font definitions for U/psy.
)))
\@indexfile=\write3
\openout3 = `main.idx'.


Writing index file main.idx
\@input{glossaire.aux}
\openout2 = `glossaire.aux'.

(./glossaire.tex)
\glswrite=\write4
\glo@main@file=\write5
\openout5 = `main.glo'.

Package glossaries Info: Writing glossary file main.glo on input line 5.
 (./main.aux

LaTeX Warning: Label `fig:GanttSemestre2' multiply defined.

)
\openout1 = `main.aux'.

LaTeX Font Info:    Checking defaults for OML/cmm/m/it on input line 7.
LaTeX Font Info:    ... okay on input line 7.
LaTeX Font Info:    Checking defaults for T1/cmr/m/n on input line 7.
LaTeX Font Info:    ... okay on input line 7.
LaTeX Font Info:    Checking defaults for OT1/cmr/m/n on input line 7.
LaTeX Font Info:    ... okay on input line 7.
LaTeX Font Info:    Checking defaults for OMS/cmsy/m/n on input line 7.
LaTeX Font Info:    ... okay on input line 7.
LaTeX Font Info:    Checking defaults for OMX/cmex/m/n on input line 7.
LaTeX Font Info:    ... okay on input line 7.
LaTeX Font Info:    Checking defaults for U/cmr/m/n on input line 7.
LaTeX Font Info:    ... okay on input line 7.
LaTeX Font Info:    Checking defaults for PD1/pdf/m/n on input line 7.
LaTeX Font Info:    ... okay on input line 7.
LaTeX Font Info:    Checking defaults for TS1/cmr/m/n on input line 7.
LaTeX Font Info:    Try loading font information for TS1+cmr on input line 7.
 (/usr/local/texlive/2014/texmf-dist/tex/latex/base/ts1cmr.fd
File: ts1cmr.fd 1999/05/25 v2.5h Standard LaTeX font definitions
)
LaTeX Font Info:    ... okay on input line 7.

*geometry* driver: auto-detecting
*geometry* detected driver: pdftex
*geometry* verbose mode - [ preamble ] result:
* driver: pdftex
* paper: a4paper
* layout: <same size as paper>
* layoutoffset:(h,v)=(0.0pt,0.0pt)
* modes: 
* h-part:(L,W,R)=(91.04872pt, 415.41043pt, 91.04872pt)
* v-part:(T,H,B)=(85.35826pt, 674.33032pt, 85.35826pt)
* \paperwidth=597.50787pt
* \paperheight=845.04684pt
* \textwidth=415.41043pt
* \textheight=674.33032pt
* \oddsidemargin=18.77873pt
* \evensidemargin=18.77873pt
* \topmargin=-8.91173pt
* \headheight=12.0pt
* \headsep=10.0pt
* \topskip=12.0pt
* \footskip=30.0pt
* \marginparwidth=44.0pt
* \marginparsep=10.0pt
* \columnsep=10.0pt
* \skip\footins=10.8pt plus 4.0pt minus 2.0pt
* \hoffset=0.0pt
* \voffset=0.0pt
* \mag=1000
* \@twocolumnfalse
* \@twosidefalse
* \@mparswitchfalse
* \@reversemarginfalse
* (1in=72.27pt=25.4mm, 1cm=28.453pt)

(/usr/local/texlive/2014/texmf-dist/tex/context/base/supp-pdf.mkii
[Loading MPS to PDF converter (version 2006.09.02).]
\scratchcounter=\count182
\scratchdimen=\dimen182
\scratchbox=\box68
\nofMPsegments=\count183
\nofMParguments=\count184
\everyMPshowfont=\toks40
\MPscratchCnt=\count185
\MPscratchDim=\dimen183
\MPnumerator=\count186
\makeMPintoPDFobject=\count187
\everyMPtoPDFconversion=\toks41
)
\AtBeginShipoutBox=\box69
Package hyperref Info: Link coloring ON on input line 7.
 (/usr/local/texlive/2014/texmf-dist/tex/latex/hyperref/nameref.sty
Package: nameref 2012/10/27 v2.43 Cross-referencing by name of section

(/usr/local/texlive/2014/texmf-dist/tex/generic/oberdiek/gettitlestring.sty
Package: gettitlestring 2010/12/03 v1.4 Cleanup title references (HO)
)
\c@section@level=\count188
)
LaTeX Info: Redefining \ref on input line 7.
LaTeX Info: Redefining \pageref on input line 7.
LaTeX Info: Redefining \nameref on input line 7.

(./main.out) (./main.out)
\@outlinefile=\write6
\openout6 = `main.out'.

LaTeX Info: Redefining \degres on input line 7.
LaTeX Info: Redefining \dots on input line 7.
Package frenchb.ldf Info: Setting StandardItemizeEnv=true for
(frenchb.ldf)             compatibility with enumitem package,
(frenchb.ldf)              on input line 7.
Package frenchb.ldf Info: Setting StandardEnumerateEnv=true for
(frenchb.ldf)             compatibility with enumitem package,
(frenchb.ldf)              on input line 7.
LaTeX Info: Redefining \up on input line 7.

(/usr/local/texlive/2014/texmf-dist/tex/latex/oberdiek/epstopdf-base.sty
Package: epstopdf-base 2010/02/09 v2.5 Base part for package epstopdf

(/usr/local/texlive/2014/texmf-dist/tex/latex/oberdiek/grfext.sty
Package: grfext 2010/08/19 v1.1 Manage graphics extensions (HO)
)
Package grfext Info: Graphics extension search list:
(grfext)             [.png,.pdf,.jpg,.mps,.jpeg,.jbig2,.jb2,.PNG,.PDF,.JPG,.JPE
G,.JBIG2,.JB2,.eps]
(grfext)             \AppendGraphicsExtensions on input line 452.

(/usr/local/texlive/2014/texmf-dist/tex/latex/latexconfig/epstopdf-sys.cfg
File: epstopdf-sys.cfg 2010/07/13 v1.3 Configuration of (r)epstopdf for TeX Liv
e
))
\c@lstlisting=\count189

(/usr/local/texlive/2014/texmf-dist/tex/latex/glossaries/dict/glossaries-dictio
nary-English.dict
Dictionary: glossaries-dictionary, Language: English 
)
Package caption Info: Begin \AtBeginDocument code.
Package caption Info: End \AtBeginDocument code.

(/usr/local/texlive/2014/texmf-dist/tex/latex/listings/lstlang1.sty
File: lstlang1.sty 2014/03/04 1.5c listings language file
)
(/usr/local/texlive/2014/texmf-dist/tex/latex/listings/lstlang1.sty
File: lstlang1.sty 2014/03/04 1.5c listings language file
)
(/usr/local/texlive/2014/texmf-dist/tex/latex/listings/lstmisc.sty
File: lstmisc.sty 2014/03/04 1.5c (Carsten Heinz)
)
(./PageDeTitre.tex <images/Trait.png, id=292, 339.669pt x 36.8577pt>
File: images/Trait.png Graphic file (type png)

<use images/Trait.png>
Package pdftex.def Info: images/Trait.png used on input line 6.
(pdftex.def)             Requested size: 339.66817pt x 36.85759pt.
File: images/Trait.png Graphic file (type png)
 <use images/Trait.png>
Package pdftex.def Info: images/Trait.png used on input line 12.
(pdftex.def)             Requested size: 339.66817pt x 36.85759pt.

Underfull \hbox (badness 10000) in paragraph at lines 22--40

 []

) <images/FondTitreSPID.png, id=294, 583.9416pt x 834.7185pt>
File: images/FondTitreSPID.png Graphic file (type png)

<use images/FondTitreSPID.png>
Package pdftex.def Info: images/FondTitreSPID.png used on input line 33.
(pdftex.def)             Requested size: 583.94017pt x 834.71646pt.
 [1



\openout4 = `main.ist'.

{/usr/local/texlive/2014/texmf-var/fonts/map/pdftex/updmap/pdftex.map} <./image
s/FondTitreSPID.png> <./images/Trait.png>]
(./Remerciements.tex) [2] (./main.toc [3

] [4])
\tf@toc=\write7
\openout7 = `main.toc'.

 [5]
(./FormulationInitialeDuProjet.tex) (./EtatDeLArt.tex [6

]
Partie 1.
<images/PartiesOeil.png, id=412, 311.2428pt x 316.0608pt>
File: images/PartiesOeil.png Graphic file (type png)

<use images/PartiesOeil.png>
Package pdftex.def Info: images/PartiesOeil.png used on input line 12.
(pdftex.def)             Requested size: 311.24203pt x 316.06003pt.
 [7

 <./images/PartiesOeil.png>]
<images/PartiesExternesOeil.png, id=423, 287.6346pt x 122.859pt>
File: images/PartiesExternesOeil.png Graphic file (type png)

<use images/PartiesExternesOeil.png>
Package pdftex.def Info: images/PartiesExternesOeil.png used on input line 27.
(pdftex.def)             Requested size: 287.63388pt x 122.85867pt.

<images/SpectreLumiere.png, id=427, 429.2838pt x 148.3944pt>
File: images/SpectreLumiere.png Graphic file (type png)

<use images/SpectreLumiere.png>
Package pdftex.def Info: images/SpectreLumiere.png used on input line 40.
(pdftex.def)             Requested size: 429.28275pt x 148.39403pt.

Overfull \hbox (13.87231pt too wide) in paragraph at lines 40--41
 [][] 
 []


LaTeX Warning: `h' float specifier changed to `ht'.

<images/CaptureOeilTrad.png, id=428, 247.1634pt x 148.3944pt>
File: images/CaptureOeilTrad.png Graphic file (type png)

<use images/CaptureOeilTrad.png>
Package pdftex.def Info: images/CaptureOeilTrad.png used on input line 50.
(pdftex.def)             Requested size: 173.01318pt x 103.87537pt.

<images/CaptureOeilInfra.png, id=429, 247.1634pt x 164.2938pt>
File: images/CaptureOeilInfra.png Graphic file (type png)

<use images/CaptureOeilInfra.png>
Package pdftex.def Info: images/CaptureOeilInfra.png used on input line 55.
(pdftex.def)             Requested size: 155.71375pt x 103.50563pt.


LaTeX Warning: `!h' float specifier changed to `!ht'.

[8 <./images/PartiesExternesOeil.png>]
<images/ZoneOmbre.png, id=443, 208.6194pt x 129.1224pt>
File: images/ZoneOmbre.png Graphic file (type png)

<use images/ZoneOmbre.png>
Package pdftex.def Info: images/ZoneOmbre.png used on input line 67.
(pdftex.def)             Requested size: 208.61888pt x 129.12209pt.
 [9 <./images/SpectreLumiere.png> <./images/CaptureOeilTrad.png> <./images/Capt
ureOeilInfra.png> <./images/ZoneOmbre.png>] [10]
<images/BrightPupil.png, id=465, 251.7405pt x 97.5645pt>
File: images/BrightPupil.png Graphic file (type png)

<use images/BrightPupil.png>
Package pdftex.def Info: images/BrightPupil.png used on input line 98.
(pdftex.def)             Requested size: 251.73987pt x 97.56424pt.
 [11 <./images/BrightPupil.png>]
<images/AlgoFCM.png, id=481, 503.8825pt x 240.9pt>
File: images/AlgoFCM.png Graphic file (type png)
 <use images/AlgoFCM.png>
Package pdftex.def Info: images/AlgoFCM.png used on input line 126.
(pdftex.def)             Requested size: 302.33183pt x 144.5411pt.

[12 <./images/AlgoFCM.png (PNG copy)>]
Overfull \hbox (7.64471pt too wide) in paragraph at lines 158--159
 [][] \T1/cmr/m/n/12 Une pre-mire m-thode de d-tec-tion de la pu-pille, d-v
e-lop-pe par J-rme Schmaltz
 []

<images/TraitementImage.png, id=495, 455.301pt x 238.9728pt>
File: images/TraitementImage.png Graphic file (type png)

<use images/TraitementImage.png>
Package pdftex.def Info: images/TraitementImage.png used on input line 168.
(pdftex.def)             Requested size: 455.29988pt x 238.9722pt.

Overfull \hbox (39.88945pt too wide) in paragraph at lines 168--169
 [][] 
 []

[13] [14 <./images/TraitementImage.png>]
<images/Conversion.png, id=526, 357.0138pt x 117.5592pt>
File: images/Conversion.png Graphic file (type png)

<use images/Conversion.png>
Package pdftex.def Info: images/Conversion.png used on input line 220.
(pdftex.def)             Requested size: 357.01291pt x 117.5589pt.


LaTeX Warning: `h' float specifier changed to `ht'.

[15] <images/Algo.png, id=547, 455.301pt x 121.4136pt>
File: images/Algo.png Graphic file (type png)
 <use images/Algo.png>
Package pdftex.def Info: images/Algo.png used on input line 249.
(pdftex.def)             Requested size: 409.7671pt x 109.27122pt.

[16 <./images/Conversion.png> <./images/Algo.png>]
<images/DetectionContours.png, id=558, 476.78125pt x 274.02374pt>
File: images/DetectionContours.png Graphic file (type png)

<use images/DetectionContours.png>
Package pdftex.def Info: images/DetectionContours.png used on input line 261.
(pdftex.def)             Requested size: 429.09915pt x 246.61908pt.

Overfull \hbox (13.68872pt too wide) in paragraph at lines 261--262
 [][] 
 []


Overfull \hbox (28.5012pt too wide) in paragraph at lines 288--289
[]\T1/cmr/m/n/12 On peut ga-le-ment cal-cu-ler la di-rec-tion du gra-dient com
me suit : $\OT1/cmr/m/n/12 ^^B = \OML/cmm/m/it/12 atan\OT1/cmr/m/n/12 2(\OML/cm
m/m/it/12 G[]; G[]\OT1/cmr/m/n/12 )$\T1/cmr/m/n/12 ,
 []

<images/FiltreSobel.png, id=559, 455.301pt x 90.5784pt>
File: images/FiltreSobel.png Graphic file (type png)

<use images/FiltreSobel.png>
Package pdftex.def Info: images/FiltreSobel.png used on input line 292.
(pdftex.def)             Requested size: 455.29988pt x 90.57817pt.

Overfull \hbox (39.88945pt too wide) in paragraph at lines 292--293
 [][] 
 []


LaTeX Warning: `h' float specifier changed to `ht'.

[17 <./images/DetectionContours.png>]
<images/Contour.png, id=568, 276.5532pt x 214.8828pt>
File: images/Contour.png Graphic file (type png)
 <use images/Contour.png>
Package pdftex.def Info: images/Contour.png used on input line 305.
(pdftex.def)             Requested size: 276.55252pt x 214.88226pt.

<images/Accumulateur.png, id=570, 228.3732pt x 180.675pt>
File: images/Accumulateur.png Graphic file (type png)

<use images/Accumulateur.png>
Package pdftex.def Info: images/Accumulateur.png used on input line 314.
(pdftex.def)             Requested size: 228.37263pt x 180.67455pt.


LaTeX Warning: `h' float specifier changed to `ht'.

<images/MethodeCanny.png, id=572, 278.9622pt x 217.7736pt>
File: images/MethodeCanny.png Graphic file (type png)

<use images/MethodeCanny.png>
Package pdftex.def Info: images/MethodeCanny.png used on input line 323.
(pdftex.def)             Requested size: 251.06366pt x 195.99442pt.


LaTeX Warning: `h' float specifier changed to `ht'.

[18 <./images/FiltreSobel.png> <./images/Contour.png>]
<images/SeuilAccumu.png, id=585, 343.5234pt x 108.405pt>
File: images/SeuilAccumu.png Graphic file (type png)

<use images/SeuilAccumu.png>
Package pdftex.def Info: images/SeuilAccumu.png used on input line 340.
(pdftex.def)             Requested size: 343.52255pt x 108.40472pt.


LaTeX Warning: `h' float specifier changed to `ht'.

[19 <./images/Accumulateur.png> <./images/MethodeCanny.png>]
<images/LaplacienGaussien.png, id=598, 173.9298pt x 134.904pt>
File: images/LaplacienGaussien.png Graphic file (type png)

<use images/LaplacienGaussien.png>
Package pdftex.def Info: images/LaplacienGaussien.png used on input line 356.
(pdftex.def)             Requested size: 173.92937pt x 134.90367pt.

Overfull \hbox (3.76749pt too wide) in paragraph at lines 361--362
[]\T1/cmr/m/n/12 Ainsi, l'ap-pli-ca-tion d'un cha-peau mexi-cain sur l'ac-cu-mu
-la-teur per-met de conser-
 []

<images/ChapeauMexicain.png, id=600, 352.6776pt x 105.0324pt>
File: images/ChapeauMexicain.png Graphic file (type png)

<use images/ChapeauMexicain.png>
Package pdftex.def Info: images/ChapeauMexicain.png used on input line 365.
(pdftex.def)             Requested size: 352.67673pt x 105.03214pt.
 [20 <./images/SeuilAccumu.png> <./images/LaplacienGaussien.png> <./images/Chap
eauMexicain.png>]
<images/CerclesContours.png, id=614, 153.6942pt x 150.8034pt>
File: images/CerclesContours.png Graphic file (type png)

<use images/CerclesContours.png>
Package pdftex.def Info: images/CerclesContours.png used on input line 381.
(pdftex.def)             Requested size: 153.6938pt x 150.80302pt.

<images/OpPupilles.png, id=616, 339.1872pt x 375.804pt>
File: images/OpPupilles.png Graphic file (type png)

<use images/OpPupilles.png>
Package pdftex.def Info: images/OpPupilles.png used on input line 394.
(pdftex.def)             Requested size: 237.42941pt x 263.061pt.
 [21 <./images/CerclesContours.png>]
<images/GazeDetection.png, id=631, 292.09125pt x 94.55325pt>
File: images/GazeDetection.png Graphic file (type png)

<use images/GazeDetection.png>
Package pdftex.def Info: images/GazeDetection.png used on input line 410.
(pdftex.def)             Requested size: 292.09052pt x 94.55301pt.
 [22 <./images/OpPupilles.png>]
<images/TobiiGlasses.png, id=640, 927.465pt x 411.939pt>
File: images/TobiiGlasses.png Graphic file (type png)

<use images/TobiiGlasses.png>
Package pdftex.def Info: images/TobiiGlasses.png used on input line 436.
(pdftex.def)             Requested size: 370.97943pt x 164.77267pt.


LaTeX Warning: `h' float specifier changed to `ht'.

<images/BoitierTobii.png, id=642, 1094.8905pt x 354.123pt>
File: images/BoitierTobii.png Graphic file (type png)

<use images/BoitierTobii.png>
Package pdftex.def Info: images/BoitierTobii.png used on input line 445.
(pdftex.def)             Requested size: 383.21742pt x 123.9449pt.
 [23 <./images/GazeDetection.png>]
<images/BoitierTobii2.png, id=653, 655.248pt x 281.853pt>
File: images/BoitierTobii2.png Graphic file (type png)

<use images/BoitierTobii2.png>
Package pdftex.def Info: images/BoitierTobii2.png used on input line 454.
(pdftex.def)             Requested size: 393.15182pt x 169.1131pt.
 [24 <./images/TobiiGlasses.png> <./images/BoitierTobii.png> <./images/BoitierT
obii2.png>]
<images/PCCR.png, id=661, 281.05pt x 219.82124pt>
File: images/PCCR.png Graphic file (type png)
 <use images/PCCR.png>
Package pdftex.def Info: images/PCCR.png used on input line 464.
(pdftex.def)             Requested size: 224.84029pt x 175.85722pt.

<images/PUPIL.png, id=662, 191.7564pt x 164.2938pt>
File: images/PUPIL.png Graphic file (type png)
 <use images/PUPIL.png>
Package pdftex.def Info: images/PUPIL.png used on input line 475.
(pdftex.def)             Requested size: 191.7559pt x 164.29338pt.

[25 <./images/PCCR.png> <./images/PUPIL.png>]
<images/TobiiX2.png, id=674, 306.4248pt x 208.1376pt>
File: images/TobiiX2.png Graphic file (type png)
 <use images/TobiiX2.png>
Package pdftex.def Info: images/TobiiX2.png used on input line 495.
(pdftex.def)             Requested size: 306.42404pt x 208.13708pt.

<images/EyeCharm.png, id=676, 286.1892pt x 146.949pt>
File: images/EyeCharm.png Graphic file (type png)

<use images/EyeCharm.png>
Package pdftex.def Info: images/EyeCharm.png used on input line 508.
(pdftex.def)             Requested size: 286.18848pt x 146.94864pt.


LaTeX Warning: `h' float specifier changed to `ht'.

[26 <./images/TobiiX2.png>]
<images/Experimental.png, id=687, 489.027pt x 366.168pt>
File: images/Experimental.png Graphic file (type png)

<use images/Experimental.png>
Package pdftex.def Info: images/Experimental.png used on input line 533.
(pdftex.def)             Requested size: 293.41846pt x 219.70248pt.
 [27 <./images/EyeCharm.png>] [28 <./images/Experimental.png>]) (./DossierFonct
ionnel.tex [29]
Partie 2.
<images/BeteACornes.png, id=709, 414.1071pt x 261.1356pt>
File: images/BeteACornes.png Graphic file (type png)

<use images/BeteACornes.png>
Package pdftex.def Info: images/BeteACornes.png used on input line 10.
(pdftex.def)             Requested size: 414.10608pt x 261.13495pt.
 [30

 <./images/BeteACornes.png>]
<images/PieuvreV2.png, id=718, 505.89pt x 457.71pt>
File: images/PieuvreV2.png Graphic file (type png)
 <use images/PieuvreV2.png>
Package pdftex.def Info: images/PieuvreV2.png used on input line 21.
(pdftex.def)             Requested size: 455.29678pt x 411.9352pt.

Overfull \hbox (39.88635pt too wide) in paragraph at lines 21--22
 [][] 
 []

[31 <./images/PieuvreV2.png>]
<images/CahierdesExigencesV4.png, id=725, 684.5575pt x 451.6875pt>
File: images/CahierdesExigencesV4.png Graphic file (type png)

<use images/CahierdesExigencesV4.png>
Package pdftex.def Info: images/CahierdesExigencesV4.png used on input line 32.

(pdftex.def)             Requested size: 415.41043pt x 274.10228pt.

<images/FASTV2.png, id=726, 562.1pt x 756.8275pt>
File: images/FASTV2.png Graphic file (type png)
 <use images/FASTV2.png>
Package pdftex.def Info: images/FASTV2.png used on input line 56.
(pdftex.def)             Requested size: 393.46732pt x 529.77563pt.

[32 <./images/CahierdesExigencesV4.png>] [33 <./images/FASTV2.png>]
<images/FluxDonnees.png, id=739, 722.7pt x 542.025pt>
File: images/FluxDonnees.png Graphic file (type png)

<use images/FluxDonnees.png>
Package pdftex.def Info: images/FluxDonnees.png used on input line 70.
(pdftex.def)             Requested size: 433.62334pt x 325.2175pt.

Overfull \hbox (18.2129pt too wide) in paragraph at lines 70--71
 [][] 
 []

<images/comportementGlobal.png, id=741, 597.1911pt x 475.2957pt>
File: images/comportementGlobal.png Graphic file (type png)

<use images/comportementGlobal.png>
Package pdftex.def Info: images/comportementGlobal.png used on input line 81.
(pdftex.def)             Requested size: 358.31743pt x 285.17961pt.
 [34 <./images/FluxDonnees.png>]
<images/ArchitectureFonctionnelle.png, id=750, 320.397pt x 255.8358pt>
File: images/ArchitectureFonctionnelle.png Graphic file (type png)

<use images/ArchitectureFonctionnelle.png>
Package pdftex.def Info: images/ArchitectureFonctionnelle.png used on input lin
e 92.
(pdftex.def)             Requested size: 384.47447pt x 307.00142pt.
 [35 <./images/comportementGlobal.png>]) (./ArchitecturePhysique.tex [36 <./ima
ges/ArchitectureFonctionnelle.png>]
Partie 3.
<images/architecturePhysique.png, id=763, 338.2236pt x 290.5254pt>
File: images/architecturePhysique.png Graphic file (type png)

<use images/architecturePhysique.png>
Package pdftex.def Info: images/architecturePhysique.png used on input line 9.
(pdftex.def)             Requested size: 405.86629pt x 348.62874pt.
 [37

 <./images/architecturePhysique.png>]
<images/WBS.png, id=772, 489.027pt x 557.4426pt>
File: images/WBS.png Graphic file (type png)
 <use images/WBS.png>
Package pdftex.def Info: images/WBS.png used on input line 28.
(pdftex.def)             Requested size: 391.22212pt x 445.95467pt.
 [38]
[39 <./images/WBS.png>] <images/cam.jpg, id=784, 542.025pt x 311.1625pt>
File: images/cam.jpg Graphic file (type jpg)

<use images/cam.jpg>
Package pdftex.def Info: images/cam.jpg used on input line 46.
(pdftex.def)             Requested size: 271.01183pt x 155.58087pt.
 <images/Mentonniere.jpg, id=786, 289.08pt x 302.12875pt>
File: images/Mentonniere.jpg Graphic file (type jpg)

<use images/Mentonniere.jpg>
Package pdftex.def Info: images/Mentonniere.jpg used on input line 57.
(pdftex.def)             Requested size: 173.44933pt x 181.27864pt.
) (./TestsUnitaires.tex [40 <./images/cam.jpg>]
LaTeX Font Info:    Try loading font information for T1+cmtt on input line 9.

(/usr/local/texlive/2014/texmf-dist/tex/latex/base/t1cmtt.fd
File: t1cmtt.fd 1999/05/25 v2.5h Standard LaTeX font definitions
) [41 <./images/Mentonniere.jpg>] <images/fonctionClick.png, id=805, 859.71187p
t x 301.125pt>
File: images/fonctionClick.png Graphic file (type png)

<use images/fonctionClick.png>
Package pdftex.def Info: images/fonctionClick.png used on input line 26.
(pdftex.def)             Requested size: 429.85487pt x 150.56212pt.

Overfull \hbox (14.44444pt too wide) in paragraph at lines 26--27
 [][] 
 []

[42 <./images/fonctionClick.png>]
<images/OeilOuvert.png, id=817, 454.8192pt x 275.5896pt>
File: images/OeilOuvert.png Graphic file (type png)

<use images/OeilOuvert.png>
Package pdftex.def Info: images/OeilOuvert.png used on input line 63.
(pdftex.def)             Requested size: 454.81808pt x 275.58891pt.

Overfull \hbox (39.40765pt too wide) in paragraph at lines 63--64
 [][] 
 []

<images/OeilFerme.png, id=818, 455.7828pt x 276.5532pt>
File: images/OeilFerme.png Graphic file (type png)

<use images/OeilFerme.png>
Package pdftex.def Info: images/OeilFerme.png used on input line 70.
(pdftex.def)             Requested size: 455.7817pt x 276.55252pt.

Overfull \hbox (40.37126pt too wide) in paragraph at lines 70--71
 [][] 
 []

[43 <./images/OeilOuvert.png>] [44 <./images/OeilFerme.png>])
(./Organisation.tex [45]
Partie 4.
[46

] <images/CarnetBord.png, id=858, 597.432pt x 786.2976pt>
File: images/CarnetBord.png Graphic file (type png)

<use images/CarnetBord.png>
Package pdftex.def Info: images/CarnetBord.png used on input line 28.
(pdftex.def)             Requested size: 418.19955pt x 550.40459pt.

Overfull \hbox (2.78912pt too wide) in paragraph at lines 28--29
 [][] 
 []

[47] <images/CarnetBordSemestre2.png, id=864, 820.06375pt x 555.07375pt>
File: images/CarnetBordSemestre2.png Graphic file (type png)

<use images/CarnetBordSemestre2.png>
Package pdftex.def Info: images/CarnetBordSemestre2.png used on input line 35.
(pdftex.def)             Requested size: 410.03087pt x 277.53618pt.
 [48 <./images/CarnetBord.png>]
<images/GanttSemestre1.png, id=870, 189.8292pt x 134.904pt>
File: images/GanttSemestre1.png Graphic file (type png)

<use images/GanttSemestre1.png>
Package pdftex.def Info: images/GanttSemestre1.png used on input line 46.
(pdftex.def)             Requested size: 189.82872pt x 134.90367pt.

<images/GanttSemestre12.png, id=871, 611.4042pt x 134.904pt>
File: images/GanttSemestre12.png Graphic file (type png)

<use images/GanttSemestre12.png>
Package pdftex.def Info: images/GanttSemestre12.png used on input line 53.
(pdftex.def)             Requested size: 458.55202pt x 101.17775pt.

Overfull \hbox (43.14159pt too wide) in paragraph at lines 53--54
 [][] 
 []

[49 <./images/CarnetBordSemestre2.png> <./images/GanttSemestre1.png>]
<images/GanttSemestre2.png, id=880, 212.9556pt x 109.1277pt>
File: images/GanttSemestre2.png Graphic file (type png)

<use images/GanttSemestre2.png>
Package pdftex.def Info: images/GanttSemestre2.png used on input line 60.
(pdftex.def)             Requested size: 212.95506pt x 109.12741pt.

<images/GanttSemestre22.png, id=881, 590.4459pt x 109.1277pt>
File: images/GanttSemestre22.png Graphic file (type png)

<use images/GanttSemestre22.png>
Package pdftex.def Info: images/GanttSemestre22.png used on input line 67.
(pdftex.def)             Requested size: 442.83334pt x 81.84555pt.

Overfull \hbox (27.42291pt too wide) in paragraph at lines 67--68
 [][] 
 []

) (./PartieTechnique.tex [50 <./images/GanttSemestre12.png> <./images/GanttSeme
stre2.png> <./images/GanttSemestre22.png>]
Partie 5.
<images/ESDetecteur.png, id=893, 436.9926pt x 107.9232pt>
File: images/ESDetecteur.png Graphic file (type png)

<use images/ESDetecteur.png>
Package pdftex.def Info: images/ESDetecteur.png used on input line 13.
(pdftex.def)             Requested size: 436.99152pt x 107.92293pt.

Overfull \hbox (21.58109pt too wide) in paragraph at lines 13--14
 [][] 
 []

[51

 <./images/ESDetecteur.png>]
<images/OrganisationDetecteur.png, id=904, 469.2732pt x 661.9932pt>
File: images/OrganisationDetecteur.png Graphic file (type png)

<use images/OrganisationDetecteur.png>
Package pdftex.def Info: images/OrganisationDetecteur.png used on input line 37
.
(pdftex.def)             Requested size: 375.41907pt x 529.59528pt.
 [52] [53 <./images/OrganisationDetecteur.png>]
Overfull \hbox (12.13635pt too wide) in paragraph at lines 52--53
 []\T1/cmr/bx/n/12 Haar_cascades / Ca-rac-t-ris-tiques pseudo-Haar[] \T1/cmr/m
/n/12 Les ca-rac-t-ris-tiques pseudo-
 []

<images/pseudoHaar.png, id=921, 455.301pt x 147.9126pt>
File: images/pseudoHaar.png Graphic file (type png)

<use images/pseudoHaar.png>
Package pdftex.def Info: images/pseudoHaar.png used on input line 56.
(pdftex.def)             Requested size: 364.24129pt x 118.33023pt.
 [54 <./images/pseudoHaar.png>]
<images/DetectionVisage.png, id=934, 455.301pt x 359.4228pt>
File: images/DetectionVisage.png Graphic file (type png)

<use images/DetectionVisage.png>
Package pdftex.def Info: images/DetectionVisage.png used on input line 71.
(pdftex.def)             Requested size: 364.24129pt x 287.53862pt.
 [55 <./images/DetectionVisage.png>]
<images/centrePupilles.png, id=946, 279.29344pt x 303.38344pt>
File: images/centrePupilles.png Graphic file (type png)

<use images/centrePupilles.png>
Package pdftex.def Info: images/centrePupilles.png used on input line 86.
(pdftex.def)             Requested size: 223.43504pt x 242.70708pt.
 [56 <./images/centrePupilles.png>]
<images/schemaAlgoCentrePupilles.png, id=958, 306.39468pt x 136.25906pt>
File: images/schemaAlgoCentrePupilles.png Graphic file (type png)

<use images/schemaAlgoCentrePupilles.png>
Package pdftex.def Info: images/schemaAlgoCentrePupilles.png used on input line
 111.
(pdftex.def)             Requested size: 306.39394pt x 136.25871pt.
 [57 <./images/schemaAlgoCentrePupilles.png>] <images/Calibration.png, id=973, 
413.545pt x 504.88625pt>
File: images/Calibration.png Graphic file (type png)

<use images/Calibration.png>
Package pdftex.def Info: images/Calibration.png used on input line 129.
(pdftex.def)             Requested size: 248.1289pt x 302.93407pt.
 [58 <./images/Calibration.png>] [59]
<images/IG9B.png, id=998, 1445.4pt x 813.0375pt>
File: images/IG9B.png Graphic file (type png)
 <use images/IG9B.png>
Package pdftex.def Info: images/IG9B.png used on input line 180.
(pdftex.def)             Requested size: 433.62335pt x 243.91313pt.

Overfull \hbox (18.21292pt too wide) in paragraph at lines 180--181
 [][] 
 []

<images/IG4B.png, id=1001, 1445.4pt x 813.0375pt>
File: images/IG4B.png Graphic file (type png)
 <use images/IG4B.png>
Package pdftex.def Info: images/IG4B.png used on input line 189.
(pdftex.def)             Requested size: 433.62335pt x 243.91313pt.

Overfull \hbox (18.21292pt too wide) in paragraph at lines 189--190
 [][] 
 []

[60 <./images/IG9B.png>] <images/IGconf9.png, id=1009, 1445.4pt x 813.0375pt>
File: images/IGconf9.png Graphic file (type png)

<use images/IGconf9.png>
Package pdftex.def Info: images/IGconf9.png used on input line 198.
(pdftex.def)             Requested size: 433.62335pt x 243.91313pt.

Overfull \hbox (18.21292pt too wide) in paragraph at lines 198--199
 [][] 
 []

[61 <./images/IG4B.png> <./images/IGconf9.png>] [62] [63]) [64]
(./Conclusion.tex) [65]
Annexe A.
<PlanValidationFonctionnelle.pdf, id=1041, 597.23125pt x 845.1575pt>
File: PlanValidationFonctionnelle.pdf Graphic file (type pdf)

<use PlanValidationFonctionnelle.pdf>
Package pdftex.def Info: PlanValidationFonctionnelle.pdf used on input line 96.

(pdftex.def)             Requested size: 597.22978pt x 845.15544pt.
File: PlanValidationFonctionnelle.pdf Graphic file (type pdf)
 <use PlanValidationFonctionnelle.pdf>
Package pdftex.def Info: PlanValidationFonctionnelle.pdf used on input line 96.

(pdftex.def)             Requested size: 597.22978pt x 845.15544pt.

[66

]
<PlanValidationFonctionnelle.pdf, id=1048, page=1, 597.23125pt x 845.1575pt>
File: PlanValidationFonctionnelle.pdf Graphic file (type pdf)

<use PlanValidationFonctionnelle.pdf, page 1>
Package pdftex.def Info: PlanValidationFonctionnelle.pdf, page1 used on input l
ine 96.
(pdftex.def)             Requested size: 597.22978pt x 845.15544pt.
File: PlanValidationFonctionnelle.pdf Graphic file (type pdf)

<use PlanValidationFonctionnelle.pdf, page 1>
Package pdftex.def Info: PlanValidationFonctionnelle.pdf, page1 used on input l
ine 96.
(pdftex.def)             Requested size: 597.25711pt x 845.19412pt.
File: PlanValidationFonctionnelle.pdf Graphic file (type pdf)

<use PlanValidationFonctionnelle.pdf, page 1>
Package pdftex.def Info: PlanValidationFonctionnelle.pdf, page1 used on input l
ine 96.
(pdftex.def)             Requested size: 597.25711pt x 845.19412pt.
File: PlanValidationFonctionnelle.pdf Graphic file (type pdf)

<use PlanValidationFonctionnelle.pdf, page 1>
Package pdftex.def Info: PlanValidationFonctionnelle.pdf, page1 used on input l
ine 96.
(pdftex.def)             Requested size: 597.25711pt x 845.19412pt.
File: PlanValidationFonctionnelle.pdf Graphic file (type pdf)

<use PlanValidationFonctionnelle.pdf, page 1>
Package pdftex.def Info: PlanValidationFonctionnelle.pdf, page1 used on input l
ine 96.
(pdftex.def)             Requested size: 597.25711pt x 845.19412pt.
 [67 <./PlanValidationFonctionnelle.pdf>]
<PlanValidationFonctionnelle.pdf, id=1080, page=2, 597.23125pt x 845.1575pt>
File: PlanValidationFonctionnelle.pdf Graphic file (type pdf)

<use PlanValidationFonctionnelle.pdf, page 2>
Package pdftex.def Info: PlanValidationFonctionnelle.pdf, page2 used on input l
ine 96.
(pdftex.def)             Requested size: 597.25711pt x 845.19412pt.
File: PlanValidationFonctionnelle.pdf Graphic file (type pdf)

<use PlanValidationFonctionnelle.pdf, page 2>
Package pdftex.def Info: PlanValidationFonctionnelle.pdf, page2 used on input l
ine 96.
(pdftex.def)             Requested size: 597.25711pt x 845.19412pt.
File: PlanValidationFonctionnelle.pdf Graphic file (type pdf)

<use PlanValidationFonctionnelle.pdf, page 2>
Package pdftex.def Info: PlanValidationFonctionnelle.pdf, page2 used on input l
ine 96.
(pdftex.def)             Requested size: 597.25711pt x 845.19412pt.
 [68 <./PlanValidationFonctionnelle.pdf>]
<PlanValidationFonctionnelle.pdf, id=1107, page=3, 597.23125pt x 845.1575pt>
File: PlanValidationFonctionnelle.pdf Graphic file (type pdf)

<use PlanValidationFonctionnelle.pdf, page 3>
Package pdftex.def Info: PlanValidationFonctionnelle.pdf, page3 used on input l
ine 96.
(pdftex.def)             Requested size: 597.25711pt x 845.19412pt.
File: PlanValidationFonctionnelle.pdf Graphic file (type pdf)

<use PlanValidationFonctionnelle.pdf, page 3>
Package pdftex.def Info: PlanValidationFonctionnelle.pdf, page3 used on input l
ine 96.
(pdftex.def)             Requested size: 597.25711pt x 845.19412pt.
File: PlanValidationFonctionnelle.pdf Graphic file (type pdf)

<use PlanValidationFonctionnelle.pdf, page 3>
Package pdftex.def Info: PlanValidationFonctionnelle.pdf, page3 used on input l
ine 96.
(pdftex.def)             Requested size: 597.25711pt x 845.19412pt.
 [69 <./PlanValidationFonctionnelle.pdf>]
<PlanValidationFonctionnelle.pdf, id=1145, page=4, 597.23125pt x 845.1575pt>
File: PlanValidationFonctionnelle.pdf Graphic file (type pdf)

<use PlanValidationFonctionnelle.pdf, page 4>
Package pdftex.def Info: PlanValidationFonctionnelle.pdf, page4 used on input l
ine 96.
(pdftex.def)             Requested size: 597.25711pt x 845.19412pt.
File: PlanValidationFonctionnelle.pdf Graphic file (type pdf)

<use PlanValidationFonctionnelle.pdf, page 4>
Package pdftex.def Info: PlanValidationFonctionnelle.pdf, page4 used on input l
ine 96.
(pdftex.def)             Requested size: 597.25711pt x 845.19412pt.
File: PlanValidationFonctionnelle.pdf Graphic file (type pdf)

<use PlanValidationFonctionnelle.pdf, page 4>
Package pdftex.def Info: PlanValidationFonctionnelle.pdf, page4 used on input l
ine 96.
(pdftex.def)             Requested size: 597.25711pt x 845.19412pt.
 [70 <./PlanValidationFonctionnelle.pdf>]
<PlanValidationFonctionnelle.pdf, id=1166, page=5, 597.23125pt x 845.1575pt>
File: PlanValidationFonctionnelle.pdf Graphic file (type pdf)

<use PlanValidationFonctionnelle.pdf, page 5>
Package pdftex.def Info: PlanValidationFonctionnelle.pdf, page5 used on input l
ine 96.
(pdftex.def)             Requested size: 597.25711pt x 845.19412pt.
File: PlanValidationFonctionnelle.pdf Graphic file (type pdf)

<use PlanValidationFonctionnelle.pdf, page 5>
Package pdftex.def Info: PlanValidationFonctionnelle.pdf, page5 used on input l
ine 96.
(pdftex.def)             Requested size: 597.25711pt x 845.19412pt.
File: PlanValidationFonctionnelle.pdf Graphic file (type pdf)

<use PlanValidationFonctionnelle.pdf, page 5>
Package pdftex.def Info: PlanValidationFonctionnelle.pdf, page5 used on input l
ine 96.
(pdftex.def)             Requested size: 597.25711pt x 845.19412pt.
 [71 <./PlanValidationFonctionnelle.pdf>]
<PlanValidationFonctionnelle.pdf, id=1171, page=6, 597.23125pt x 845.1575pt>
File: PlanValidationFonctionnelle.pdf Graphic file (type pdf)

<use PlanValidationFonctionnelle.pdf, page 6>
Package pdftex.def Info: PlanValidationFonctionnelle.pdf, page6 used on input l
ine 96.
(pdftex.def)             Requested size: 597.25711pt x 845.19412pt.
File: PlanValidationFonctionnelle.pdf Graphic file (type pdf)

<use PlanValidationFonctionnelle.pdf, page 6>
Package pdftex.def Info: PlanValidationFonctionnelle.pdf, page6 used on input l
ine 96.
(pdftex.def)             Requested size: 597.25711pt x 845.19412pt.
File: PlanValidationFonctionnelle.pdf Graphic file (type pdf)

<use PlanValidationFonctionnelle.pdf, page 6>
Package pdftex.def Info: PlanValidationFonctionnelle.pdf, page6 used on input l
ine 96.
(pdftex.def)             Requested size: 597.25711pt x 845.19412pt.
 [72 <./PlanValidationFonctionnelle.pdf>]
<PlanValidationFonctionnelle.pdf, id=1180, page=7, 597.23125pt x 845.1575pt>
File: PlanValidationFonctionnelle.pdf Graphic file (type pdf)

<use PlanValidationFonctionnelle.pdf, page 7>
Package pdftex.def Info: PlanValidationFonctionnelle.pdf, page7 used on input l
ine 96.
(pdftex.def)             Requested size: 597.25711pt x 845.19412pt.
File: PlanValidationFonctionnelle.pdf Graphic file (type pdf)

<use PlanValidationFonctionnelle.pdf, page 7>
Package pdftex.def Info: PlanValidationFonctionnelle.pdf, page7 used on input l
ine 96.
(pdftex.def)             Requested size: 597.25711pt x 845.19412pt.
File: PlanValidationFonctionnelle.pdf Graphic file (type pdf)

<use PlanValidationFonctionnelle.pdf, page 7>
Package pdftex.def Info: PlanValidationFonctionnelle.pdf, page7 used on input l
ine 96.
(pdftex.def)             Requested size: 597.25711pt x 845.19412pt.
 [73 <./PlanValidationFonctionnelle.pdf>]
<PlanValidationFonctionnelle.pdf, id=1188, page=8, 597.23125pt x 845.1575pt>
File: PlanValidationFonctionnelle.pdf Graphic file (type pdf)

<use PlanValidationFonctionnelle.pdf, page 8>
Package pdftex.def Info: PlanValidationFonctionnelle.pdf, page8 used on input l
ine 96.
(pdftex.def)             Requested size: 597.25711pt x 845.19412pt.
File: PlanValidationFonctionnelle.pdf Graphic file (type pdf)

<use PlanValidationFonctionnelle.pdf, page 8>
Package pdftex.def Info: PlanValidationFonctionnelle.pdf, page8 used on input l
ine 96.
(pdftex.def)             Requested size: 597.25711pt x 845.19412pt.
File: PlanValidationFonctionnelle.pdf Graphic file (type pdf)

<use PlanValidationFonctionnelle.pdf, page 8>
Package pdftex.def Info: PlanValidationFonctionnelle.pdf, page8 used on input l
ine 96.
(pdftex.def)             Requested size: 597.25711pt x 845.19412pt.
 [74 <./PlanValidationFonctionnelle.pdf>]
Annexe B.
(./Annexe1.tex [75

]) [76]
Annexe C.
(./Annexe2.tex) [77

]
Annexe D.
(./Annexe3.tex) [78

]
Annexe E.
(./Annexe4.tex) [79

]
Annexe F.
(./Annexe5.tex) [80

]
Annexe G.
(./Annexe6.tex) [81

]
Annexe H.
(./Annexe7.tex) [82

]
Annexe I.
<FicheValidationFonctionnelle.pdf, id=1331, 597.23125pt x 845.1575pt>
File: FicheValidationFonctionnelle.pdf Graphic file (type pdf)

<use FicheValidationFonctionnelle.pdf>
Package pdftex.def Info: FicheValidationFonctionnelle.pdf used on input line 12
8.
(pdftex.def)             Requested size: 597.22978pt x 845.15544pt.
File: FicheValidationFonctionnelle.pdf Graphic file (type pdf)
 <use FicheValidationFonctionnelle.pdf>
Package pdftex.def Info: FicheValidationFonctionnelle.pdf used on input line 12
8.
(pdftex.def)             Requested size: 597.22978pt x 845.15544pt.

[83

]
<FicheValidationFonctionnelle.pdf, id=1338, page=1, 597.23125pt x 845.1575pt>
File: FicheValidationFonctionnelle.pdf Graphic file (type pdf)

<use FicheValidationFonctionnelle.pdf, page 1>
Package pdftex.def Info: FicheValidationFonctionnelle.pdf, page1 used on input 
line 128.
(pdftex.def)             Requested size: 597.22978pt x 845.15544pt.
File: FicheValidationFonctionnelle.pdf Graphic file (type pdf)

<use FicheValidationFonctionnelle.pdf, page 1>
Package pdftex.def Info: FicheValidationFonctionnelle.pdf, page1 used on input 
line 128.
(pdftex.def)             Requested size: 597.25711pt x 845.19412pt.
File: FicheValidationFonctionnelle.pdf Graphic file (type pdf)

<use FicheValidationFonctionnelle.pdf, page 1>
Package pdftex.def Info: FicheValidationFonctionnelle.pdf, page1 used on input 
line 128.
(pdftex.def)             Requested size: 597.25711pt x 845.19412pt.
File: FicheValidationFonctionnelle.pdf Graphic file (type pdf)

<use FicheValidationFonctionnelle.pdf, page 1>
Package pdftex.def Info: FicheValidationFonctionnelle.pdf, page1 used on input 
line 128.
(pdftex.def)             Requested size: 597.25711pt x 845.19412pt.
File: FicheValidationFonctionnelle.pdf Graphic file (type pdf)

<use FicheValidationFonctionnelle.pdf, page 1>
Package pdftex.def Info: FicheValidationFonctionnelle.pdf, page1 used on input 
line 128.
(pdftex.def)             Requested size: 597.25711pt x 845.19412pt.
 [84 <./FicheValidationFonctionnelle.pdf>]
<FicheValidationFonctionnelle.pdf, id=1369, page=2, 597.23125pt x 845.1575pt>
File: FicheValidationFonctionnelle.pdf Graphic file (type pdf)

<use FicheValidationFonctionnelle.pdf, page 2>
Package pdftex.def Info: FicheValidationFonctionnelle.pdf, page2 used on input 
line 128.
(pdftex.def)             Requested size: 597.25711pt x 845.19412pt.
File: FicheValidationFonctionnelle.pdf Graphic file (type pdf)

<use FicheValidationFonctionnelle.pdf, page 2>
Package pdftex.def Info: FicheValidationFonctionnelle.pdf, page2 used on input 
line 128.
(pdftex.def)             Requested size: 597.25711pt x 845.19412pt.
File: FicheValidationFonctionnelle.pdf Graphic file (type pdf)

<use FicheValidationFonctionnelle.pdf, page 2>
Package pdftex.def Info: FicheValidationFonctionnelle.pdf, page2 used on input 
line 128.
(pdftex.def)             Requested size: 597.25711pt x 845.19412pt.
 [85 <./FicheValidationFonctionnelle.pdf>] (./main.bbl
Underfull \hbox (badness 3907) in paragraph at lines 70--76
[]\T1/cmr/m/n/12 Nol-Arnaud \T1/cmr/m/sc/12 Ma-guis \T1/cmr/m/n/12 :  R-di-ge
z des do-cu-ments de qua-lit avec
 []


Underfull \hbox (badness 10000) in paragraph at lines 70--76
\T1/cmr/m/n/12 la-tex.  [][]$\T1/cmtt/m/n/12 http : / / fr . openclassrooms . c
om / informatique / cours /
 []


Underfull \hbox (badness 4765) in paragraph at lines 70--76
\T1/cmtt/m/n/12 redigez-[]des-[]documents-[]de-[]qualite-[]avec-[]latex$[][]\T1
/cmr/m/n/12 , 2013.  Ac-cd le
 []


Underfull \hbox (badness 1496) in paragraph at lines 96--102
\T1/cmr/m/n/12 tra-ckers.  [][]$\T1/cmtt/m/n/12 http : / / www . tobii . com / 
en / eye-[]tracking-[]research / global /
 []

[86

]
Underfull \hbox (badness 7851) in paragraph at lines 128--134
[]\T1/cmr/m/sc/12 Zafersavas \T1/cmr/m/n/12 :  Tra-ckeye : Real-time tra-cking 
of hu-man eyes
 []


Underfull \hbox (badness 7907) in paragraph at lines 128--134
\T1/cmr/m/n/12 using a web-cam.  [][]$\T1/cmtt/m/n/12 http : / / www . codeproj
ect . com / Articles / 26897 /
 []


Underfull \hbox (badness 10000) in paragraph at lines 136--142
[]\T1/cmr/m/n/12 Marc \T1/cmr/m/sc/12 Zaf-fa-gni \T1/cmr/m/n/12 :  Eye-charm : 
contr-ler son pc
 []


Underfull \hbox (badness 10000) in paragraph at lines 136--142
\T1/cmr/m/n/12 du re-gard avec un cap-teur ki-nect.  [][]$\T1/cmtt/m/n/12 http 
: / / www .
 []


Underfull \hbox (badness 10000) in paragraph at lines 136--142
\T1/cmtt/m/n/12 futura-[]sciences . com / magazines / high-[]tech / infos / act
u / d /
 []


Overfull \hbox (29.62486pt too wide) in paragraph at lines 136--142
\T1/cmtt/m/n/12 informatique-[]eyecharm-[]controler-[]son-[]pc-[]regard-[]capte
ur-[]kinect-[]45381/$[][]\T1/cmr/m/n/12 ,
 []

)

Package glossaries Warning: No \printglossary or \printglossaries found.
(Remove \makeglossaries if you don't want any glossaries.)
This document will not have a glossary.

Package atveryend Info: Empty hook `BeforeClearDocument' on input line 159.
[87]
Package atveryend Info: Empty hook `AfterLastShipout' on input line 159.
 (./main.aux)
Package atveryend Info: Executing hook `AtVeryEndDocument' on input line 159.
Package atveryend Info: Executing hook `AtEndAfterFileList' on input line 159.
Package rerunfilecheck Info: File `main.out' has not changed.
(rerunfilecheck)             Checksum: 41EA9C093896913F21360B742CC34090;5818.


LaTeX Warning: There were multiply-defined labels.

Package atveryend Info: Empty hook `AtVeryVeryEnd' on input line 159.
 ) 
Here is how much of TeX's memory you used:
 17946 strings out of 493117
 266401 string characters out of 6135432
 506146 words of memory out of 5000000
 20482 multiletter control sequences out of 15000+600000
 22746 words of font info for 53 fonts, out of 8000000 for 9000
 1141 hyphenation exceptions out of 8191
 55i,18n,97p,1828b,1887s stack positions out of 5000i,500n,10000p,200000b,80000s
{/usr/local/texlive/2014/texmf-dist/fonts/enc/dvips/cm-super/cm-super-t1.enc}
{/usr/local/texlive/2014/texmf-dist/fonts/enc/dvips/cm-super/cm-super-ts1.enc}<
/usr/local/texlive/2014/texmf-dist/fonts/type1/public/amsfonts/cm/cmbx12.pfb></
usr/local/texlive/2014/texmf-dist/fonts/type1/public/amsfonts/cm/cmbx8.pfb></us
r/local/texlive/2014/texmf-dist/fonts/type1/public/amsfonts/cm/cmex10.pfb></usr
/local/texlive/2014/texmf-dist/fonts/type1/public/amsfonts/cm/cmmi12.pfb></usr/
local/texlive/2014/texmf-dist/fonts/type1/public/amsfonts/cm/cmmi6.pfb></usr/lo
cal/texlive/2014/texmf-dist/fonts/type1/public/amsfonts/cm/cmmi8.pfb></usr/loca
l/texlive/2014/texmf-dist/fonts/type1/public/amsfonts/cm/cmr12.pfb></usr/local/
texlive/2014/texmf-dist/fonts/type1/public/amsfonts/cm/cmr6.pfb></usr/local/tex
live/2014/texmf-dist/fonts/type1/public/amsfonts/cm/cmr8.pfb></usr/local/texliv
e/2014/texmf-dist/fonts/type1/public/amsfonts/cm/cmsy10.pfb></usr/local/texlive
/2014/texmf-dist/fonts/type1/public/amsfonts/cm/cmsy6.pfb></usr/local/texlive/2
014/texmf-dist/fonts/type1/public/amsfonts/cm/cmsy8.pfb></usr/local/texlive/201
4/texmf-dist/fonts/type1/public/eurosym/feymr10.pfb></usr/local/texlive/2014/te
xmf-dist/fonts/type1/public/cm-super/sfbx1200.pfb></usr/local/texlive/2014/texm
f-dist/fonts/type1/public/cm-super/sfbx1440.pfb></usr/local/texlive/2014/texmf-
dist/fonts/type1/public/cm-super/sfbx1728.pfb></usr/local/texlive/2014/texmf-di
st/fonts/type1/public/cm-super/sfbx2488.pfb></usr/local/texlive/2014/texmf-dist
/fonts/type1/public/cm-super/sfcc1095.pfb></usr/local/texlive/2014/texmf-dist/f
onts/type1/public/cm-super/sfcc1200.pfb></usr/local/texlive/2014/texmf-dist/fon
ts/type1/public/cm-super/sfrm0600.pfb></usr/local/texlive/2014/texmf-dist/fonts
/type1/public/cm-super/sfrm0800.pfb></usr/local/texlive/2014/texmf-dist/fonts/t
ype1/public/cm-super/sfrm1000.pfb></usr/local/texlive/2014/texmf-dist/fonts/typ
e1/public/cm-super/sfrm1095.pfb></usr/local/texlive/2014/texmf-dist/fonts/type1
/public/cm-super/sfrm1200.pfb></usr/local/texlive/2014/texmf-dist/fonts/type1/p
ublic/cm-super/sfrm1440.pfb></usr/local/texlive/2014/texmf-dist/fonts/type1/pub
lic/cm-super/sfrm2488.pfb></usr/local/texlive/2014/texmf-dist/fonts/type1/publi
c/cm-super/sfti1200.pfb></usr/local/texlive/2014/texmf-dist/fonts/type1/public/
cm-super/sftt1095.pfb></usr/local/texlive/2014/texmf-dist/fonts/type1/public/cm
-super/sftt1200.pfb></usr/local/texlive/2014/texmf-dist/fonts/type1/public/cm-s
uper/sfxc2488.pfb></usr/local/texlive/2014/texmf-dist/fonts/type1/urw/zapfding/
uzdr.pfb>
Output written on main.pdf (87 pages, 10471375 bytes).
PDF statistics:
 1608 PDF objects out of 1728 (max. 8388607)
 1310 compressed objects within 14 object streams
 453 named destinations out of 1000 (max. 500000)
 967 words of extra memory for PDF output out of 10000 (max. 10000000)

